Using pre-set license
Built from '2021.3/staging' branch; Version is '2021.3.6f1 (7da38d85baf6) revision 8233869'; Using compiler version '192829333'; Build Type 'Release'
OS: 'Windows 11  (10.0.22621) 64bit Core' Language: 'en' Physical Memory: 32645 MB
BatchMode: 1, IsHumanControllingUs: 0, StartBugReporterOnCrash: 0, Is64bit: 1, IsPro: 1

COMMAND LINE ARGUMENTS:
C:\Program Files\Unity\Hub\Editor\2021.3.6f1\Editor\Unity.exe
-adb2
-batchMode
-noUpm
-name
AssetImportWorker2
-projectPath
D:/CGVLab(D)/DepthPerceptionTraining/DPTraining
-logFile
Logs/AssetImportWorker2.log
-srvPort
56074
Successfully changed project path to: D:/CGVLab(D)/DepthPerceptionTraining/DPTraining
D:/CGVLab(D)/DepthPerceptionTraining/DPTraining
[UnityMemory] Configuration Parameters - Can be set up in boot.config
    "memorysetup-bucket-allocator-granularity=16"
    "memorysetup-bucket-allocator-bucket-count=8"
    "memorysetup-bucket-allocator-block-size=33554432"
    "memorysetup-bucket-allocator-block-count=8"
    "memorysetup-main-allocator-block-size=16777216"
    "memorysetup-thread-allocator-block-size=16777216"
    "memorysetup-gfx-main-allocator-block-size=16777216"
    "memorysetup-gfx-thread-allocator-block-size=16777216"
    "memorysetup-cache-allocator-block-size=4194304"
    "memorysetup-typetree-allocator-block-size=2097152"
    "memorysetup-profiler-bucket-allocator-granularity=16"
    "memorysetup-profiler-bucket-allocator-bucket-count=8"
    "memorysetup-profiler-bucket-allocator-block-size=33554432"
    "memorysetup-profiler-bucket-allocator-block-count=8"
    "memorysetup-profiler-allocator-block-size=16777216"
    "memorysetup-profiler-editor-allocator-block-size=1048576"
    "memorysetup-temp-allocator-size-main=16777216"
    "memorysetup-job-temp-allocator-block-size=2097152"
    "memorysetup-job-temp-allocator-block-size-background=1048576"
    "memorysetup-job-temp-allocator-reduction-small-platforms=262144"
    "memorysetup-temp-allocator-size-background-worker=32768"
    "memorysetup-temp-allocator-size-job-worker=262144"
    "memorysetup-temp-allocator-size-preload-manager=33554432"
    "memorysetup-temp-allocator-size-nav-mesh-worker=65536"
    "memorysetup-temp-allocator-size-audio-worker=65536"
    "memorysetup-temp-allocator-size-cloud-worker=32768"
    "memorysetup-temp-allocator-size-gi-baking-worker=262144"
    "memorysetup-temp-allocator-size-gfx=262144"
Refreshing native plugins compatible for Editor in 110.69 ms, found 9 plugins.
Preloading 1 native plugins for Editor in 0.55 ms.
Initialize engine version: 2021.3.6f1 (7da38d85baf6)
[Subsystems] Discovering subsystems at path C:/Program Files/Unity/Hub/Editor/2021.3.6f1/Editor/Data/Resources/UnitySubsystems
[Subsystems] Discovering subsystems at path D:/CGVLab(D)/DepthPerceptionTraining/DPTraining/Assets
GfxDevice: creating device client; threaded=0; jobified=0
Direct3D:
    Version:  Direct3D 11.0 [level 11.1]
    Renderer: NVIDIA GeForce RTX 3060 (ID=0x2504)
    Vendor:   NVIDIA
    VRAM:     12129 MB
    Driver:   31.0.15.2849
Shader 'Oculus/OVRMRCameraFrameLit': fallback shader 'Alpha-Diffuse' not found
Initialize mono
Mono path[0] = 'C:/Program Files/Unity/Hub/Editor/2021.3.6f1/Editor/Data/Managed'
Mono path[1] = 'C:/Program Files/Unity/Hub/Editor/2021.3.6f1/Editor/Data/MonoBleedingEdge/lib/mono/unityjit-win32'
Mono config path = 'C:/Program Files/Unity/Hub/Editor/2021.3.6f1/Editor/Data/MonoBleedingEdge/etc'
Using monoOptions --debugger-agent=transport=dt_socket,embedding=1,server=y,suspend=n,address=127.0.0.1:56756
Begin MonoManager ReloadAssembly
Registering precompiled unity dll's ...
Register platform support module: C:/Program Files/Unity/Hub/Editor/2021.3.6f1/Editor/Data/PlaybackEngines/AndroidPlayer/UnityEditor.Android.Extensions.dll
Register platform support module: C:/Program Files/Unity/Hub/Editor/2021.3.6f1/Editor/Data/PlaybackEngines/WindowsStandaloneSupport/UnityEditor.WindowsStandalone.Extensions.dll
Registered in 0.006504 seconds.
Native extension for WindowsStandalone target not found
Native extension for Android target not found
Refreshing native plugins compatible for Editor in 99.98 ms, found 9 plugins.
Preloading 1 native plugins for Editor in 0.03 ms.
Mono: successfully reloaded assembly
- Completed reload, in  0.553 seconds
Domain Reload Profiling:
	ReloadAssembly (554ms)
		BeginReloadAssembly (56ms)
			ExecutionOrderSort (0ms)
			DisableScriptedObjects (0ms)
			BackupInstance (0ms)
			ReleaseScriptingObjects (0ms)
			CreateAndSetChildDomain (1ms)
		EndReloadAssembly (409ms)
			LoadAssemblies (54ms)
			RebuildTransferFunctionScriptingTraits (0ms)
			SetupTypeCache (83ms)
			ReleaseScriptCaches (0ms)
			RebuildScriptCaches (21ms)
			SetupLoadedEditorAssemblies (261ms)
				LogAssemblyErrors (0ms)
				InitializePlatformSupportModulesInManaged (43ms)
				SetLoadedEditorAssemblies (1ms)
				RefreshPlugins (100ms)
				BeforeProcessingInitializeOnLoad (1ms)
				ProcessInitializeOnLoadAttributes (82ms)
				ProcessInitializeOnLoadMethodAttributes (32ms)
				AfterProcessingInitializeOnLoad (0ms)
				EditorAssembliesLoaded (0ms)
			ExecutionOrderSort2 (0ms)
			AwakeInstancesAfterBackupRestoration (0ms)
Platform modules already initialized, skipping
Registering precompiled user dll's ...
Registered in 0.005551 seconds.
Begin MonoManager ReloadAssembly
Symbol file LoadedFromMemory doesn't match image D:\CGVLab(D)\DepthPerceptionTraining\DPTraining\Library\PackageCache\com.unity.visualscripting@1.7.8\Editor\VisualScripting.Core\Dependencies\DotNetZip\Unity.VisualScripting.IonicZip.dll
Symbol file LoadedFromMemory doesn't match image D:\CGVLab(D)\DepthPerceptionTraining\DPTraining\Library\PackageCache\com.unity.visualscripting@1.7.8\Editor\VisualScripting.Core\Dependencies\YamlDotNet\Unity.VisualScripting.YamlDotNet.dll
Native extension for WindowsStandalone target not found
Native extension for Android target not found
Refreshing native plugins compatible for Editor in 0.85 ms, found 9 plugins.
Preloading 1 native plugins for Editor in 0.03 ms.
Package Manager log level set to [2]
[XR] OculusXRPlugin: registering subsystems
[XR] Unable to register display lifecyle provider: [1]
[XR] Oculus Input lifecycle provider registered.
[XR] Unable to register input lifecyle provider: [1]
[XR] OVRP version 1.74.0
Mono: successfully reloaded assembly
- Completed reload, in  5.032 seconds
Domain Reload Profiling:
	ReloadAssembly (5033ms)
		BeginReloadAssembly (197ms)
			ExecutionOrderSort (0ms)
			DisableScriptedObjects (4ms)
			BackupInstance (0ms)
			ReleaseScriptingObjects (0ms)
			CreateAndSetChildDomain (126ms)
		EndReloadAssembly (4746ms)
			LoadAssemblies (3001ms)
			RebuildTransferFunctionScriptingTraits (0ms)
			SetupTypeCache (613ms)
			ReleaseScriptCaches (1ms)
			RebuildScriptCaches (71ms)
			SetupLoadedEditorAssemblies (1023ms)
				LogAssemblyErrors (0ms)
				InitializePlatformSupportModulesInManaged (11ms)
				SetLoadedEditorAssemblies (0ms)
				RefreshPlugins (1ms)
				BeforeProcessingInitializeOnLoad (77ms)
				ProcessInitializeOnLoadAttributes (282ms)
				ProcessInitializeOnLoadMethodAttributes (645ms)
				AfterProcessingInitializeOnLoad (6ms)
				EditorAssembliesLoaded (0ms)
			ExecutionOrderSort2 (0ms)
			AwakeInstancesAfterBackupRestoration (5ms)
Platform modules already initialized, skipping
========================================================================
Worker process is ready to serve import requests
Shader 'Oculus/OVRMRCameraFrameLit': fallback shader 'Alpha-Diffuse' not found
Launched and connected shader compiler UnityShaderCompiler.exe after 0.08 seconds
Refreshing native plugins compatible for Editor in 0.87 ms, found 9 plugins.
Preloading 1 native plugins for Editor in 0.03 ms.
Unloading 5017 Unused Serialized files (Serialized files now loaded: 0)
Unloading 63 unused Assets / (189.2 KB). Loaded Objects now: 5478.
Memory consumption went from 183.7 MB to 183.5 MB.
Total: 2.835500 ms (FindLiveObjects: 0.344900 ms CreateObjectMapping: 0.169700 ms MarkObjects: 2.161800 ms  DeleteObjects: 0.158300 ms)

AssetImportParameters requested are different than current active one (requested -> active):
  custom:video-decoder-ogg-theora: a1e56fd34408186e4bbccfd4996cb3dc -> 
  custom:container-muxer-webm: aa71ff27fc2769a1b78a27578f13a17b -> 
  custom:container-demuxer-webm: 4f35f7cbe854078d1ac9338744f61a02 -> 
  custom:video-encoder-webm-vp8: eb34c28f22e8b96e1ab97ce403110664 -> 
  custom:video-codec-MediaFoundation-h265: 746d11721c4dcdbdad8f713fa42b33f4 -> 
  custom:audio-encoder-webm-vorbis: bf7c407c2cedff20999df2af8eb42d56 -> 
  custom:framework-win-MediaFoundation: 216162199b28c13a410421893ffa2e32 -> 
  custom:container-demuxer-ogg: 62fdf1f143b41e24485cea50d1cbac27 -> 
  custom:video-decoder-webm-vp8: 9c59270c3fd7afecdb556c50c9e8de78 -> 
  custom:audio-decoder-ogg-vorbis: bf7c407c2cedff20999df2af8eb42d56 -> 
========================================================================
Received Import Request.
  Time since last request: 115437.078397 seconds.
  path: Assets/Mixamo/PN_Stickman@Step Backward.fbx
  artifactKey: Guid(1bc875c50815d814c84117d946f6b02e) Importer(815301076,1909f56bfc062723c751e8b465ee728b)
Start importing Assets/Mixamo/PN_Stickman@Step Backward.fbx using Guid(1bc875c50815d814c84117d946f6b02e) Importer(815301076,1909f56bfc062723c751e8b465ee728b)  -> (artifact id: 'b53345d10486c5338e9a4e7871ca913b') in 0.372620 seconds 
========================================================================
Received Prepare
Registering precompiled user dll's ...
Registered in 0.005084 seconds.
Begin MonoManager ReloadAssembly
Symbol file LoadedFromMemory doesn't match image D:\CGVLab(D)\DepthPerceptionTraining\DPTraining\Library\PackageCache\com.unity.visualscripting@1.7.8\Editor\VisualScripting.Core\Dependencies\DotNetZip\Unity.VisualScripting.IonicZip.dll
Symbol file LoadedFromMemory doesn't match image D:\CGVLab(D)\DepthPerceptionTraining\DPTraining\Library\PackageCache\com.unity.visualscripting@1.7.8\Editor\VisualScripting.Core\Dependencies\YamlDotNet\Unity.VisualScripting.YamlDotNet.dll
Native extension for WindowsStandalone target not found
Native extension for Android target not found
Refreshing native plugins compatible for Editor in 1.26 ms, found 9 plugins.
Preloading 1 native plugins for Editor in 0.04 ms.
Mono: successfully reloaded assembly
- Completed reload, in  0.871 seconds
Domain Reload Profiling:
	ReloadAssembly (872ms)
		BeginReloadAssembly (113ms)
			ExecutionOrderSort (0ms)
			DisableScriptedObjects (3ms)
			BackupInstance (0ms)
			ReleaseScriptingObjects (0ms)
			CreateAndSetChildDomain (33ms)
		EndReloadAssembly (674ms)
			LoadAssemblies (77ms)
			RebuildTransferFunctionScriptingTraits (0ms)
			SetupTypeCache (234ms)
			ReleaseScriptCaches (1ms)
			RebuildScriptCaches (37ms)
			SetupLoadedEditorAssemblies (288ms)
				LogAssemblyErrors (0ms)
				InitializePlatformSupportModulesInManaged (21ms)
				SetLoadedEditorAssemblies (0ms)
				RefreshPlugins (1ms)
				BeforeProcessingInitializeOnLoad (57ms)
				ProcessInitializeOnLoadAttributes (174ms)
				ProcessInitializeOnLoadMethodAttributes (27ms)
				AfterProcessingInitializeOnLoad (7ms)
				EditorAssembliesLoaded (0ms)
			ExecutionOrderSort2 (0ms)
			AwakeInstancesAfterBackupRestoration (6ms)
Platform modules already initialized, skipping
Shader 'Oculus/OVRMRCameraFrameLit': fallback shader 'Alpha-Diffuse' not found
Refreshing native plugins compatible for Editor in 3.97 ms, found 9 plugins.
Preloading 1 native plugins for Editor in 0.03 ms.
Unloading 4914 Unused Serialized files (Serialized files now loaded: 0)
Unloading 55 unused Assets / (157.1 KB). Loaded Objects now: 5524.
Memory consumption went from 179.3 MB to 179.1 MB.
Total: 2.821700 ms (FindLiveObjects: 0.329900 ms CreateObjectMapping: 0.241900 ms MarkObjects: 2.116400 ms  DeleteObjects: 0.132400 ms)

AssetImportParameters requested are different than current active one (requested -> active):
  custom:video-decoder-ogg-theora: a1e56fd34408186e4bbccfd4996cb3dc -> 
  custom:container-muxer-webm: aa71ff27fc2769a1b78a27578f13a17b -> 
  custom:container-demuxer-webm: 4f35f7cbe854078d1ac9338744f61a02 -> 
  custom:video-encoder-webm-vp8: eb34c28f22e8b96e1ab97ce403110664 -> 
  custom:video-codec-MediaFoundation-h265: 746d11721c4dcdbdad8f713fa42b33f4 -> 
  custom:audio-encoder-webm-vorbis: bf7c407c2cedff20999df2af8eb42d56 -> 
  custom:framework-win-MediaFoundation: 216162199b28c13a410421893ffa2e32 -> 
  custom:container-demuxer-ogg: 62fdf1f143b41e24485cea50d1cbac27 -> 
  custom:video-decoder-webm-vp8: 9c59270c3fd7afecdb556c50c9e8de78 -> 
  custom:audio-decoder-ogg-vorbis: bf7c407c2cedff20999df2af8eb42d56 -> 
========================================================================
Received Prepare
Registering precompiled user dll's ...
Registered in 0.005910 seconds.
Begin MonoManager ReloadAssembly
Symbol file LoadedFromMemory doesn't match image D:\CGVLab(D)\DepthPerceptionTraining\DPTraining\Library\PackageCache\com.unity.visualscripting@1.7.8\Editor\VisualScripting.Core\Dependencies\DotNetZip\Unity.VisualScripting.IonicZip.dll
Symbol file LoadedFromMemory doesn't match image D:\CGVLab(D)\DepthPerceptionTraining\DPTraining\Library\PackageCache\com.unity.visualscripting@1.7.8\Editor\VisualScripting.Core\Dependencies\YamlDotNet\Unity.VisualScripting.YamlDotNet.dll
Native extension for WindowsStandalone target not found
Native extension for Android target not found
Refreshing native plugins compatible for Editor in 1.44 ms, found 9 plugins.
Preloading 1 native plugins for Editor in 0.04 ms.
Mono: successfully reloaded assembly
- Completed reload, in  0.946 seconds
Domain Reload Profiling:
	ReloadAssembly (947ms)
		BeginReloadAssembly (116ms)
			ExecutionOrderSort (0ms)
			DisableScriptedObjects (3ms)
			BackupInstance (0ms)
			ReleaseScriptingObjects (0ms)
			CreateAndSetChildDomain (33ms)
		EndReloadAssembly (748ms)
			LoadAssemblies (77ms)
			RebuildTransferFunctionScriptingTraits (0ms)
			SetupTypeCache (242ms)
			ReleaseScriptCaches (1ms)
			RebuildScriptCaches (56ms)
			SetupLoadedEditorAssemblies (333ms)
				LogAssemblyErrors (0ms)
				InitializePlatformSupportModulesInManaged (22ms)
				SetLoadedEditorAssemblies (1ms)
				RefreshPlugins (2ms)
				BeforeProcessingInitializeOnLoad (67ms)
				ProcessInitializeOnLoadAttributes (205ms)
				ProcessInitializeOnLoadMethodAttributes (31ms)
				AfterProcessingInitializeOnLoad (6ms)
				EditorAssembliesLoaded (0ms)
			ExecutionOrderSort2 (0ms)
			AwakeInstancesAfterBackupRestoration (5ms)
Platform modules already initialized, skipping
Shader 'Oculus/OVRMRCameraFrameLit': fallback shader 'Alpha-Diffuse' not found
Refreshing native plugins compatible for Editor in 4.69 ms, found 9 plugins.
Preloading 1 native plugins for Editor in 0.04 ms.
Unloading 4914 Unused Serialized files (Serialized files now loaded: 0)
Unloading 55 unused Assets / (157.3 KB). Loaded Objects now: 5528.
Memory consumption went from 179.3 MB to 179.1 MB.
Total: 2.939400 ms (FindLiveObjects: 0.332800 ms CreateObjectMapping: 0.229700 ms MarkObjects: 2.247300 ms  DeleteObjects: 0.128800 ms)

AssetImportParameters requested are different than current active one (requested -> active):
  custom:video-decoder-ogg-theora: a1e56fd34408186e4bbccfd4996cb3dc -> 
  custom:container-muxer-webm: aa71ff27fc2769a1b78a27578f13a17b -> 
  custom:container-demuxer-webm: 4f35f7cbe854078d1ac9338744f61a02 -> 
  custom:video-encoder-webm-vp8: eb34c28f22e8b96e1ab97ce403110664 -> 
  custom:video-codec-MediaFoundation-h265: 746d11721c4dcdbdad8f713fa42b33f4 -> 
  custom:audio-encoder-webm-vorbis: bf7c407c2cedff20999df2af8eb42d56 -> 
  custom:framework-win-MediaFoundation: 216162199b28c13a410421893ffa2e32 -> 
  custom:container-demuxer-ogg: 62fdf1f143b41e24485cea50d1cbac27 -> 
  custom:video-decoder-webm-vp8: 9c59270c3fd7afecdb556c50c9e8de78 -> 
  custom:audio-decoder-ogg-vorbis: bf7c407c2cedff20999df2af8eb42d56 -> 
========================================================================
Received Import Request.
  Time since last request: 744.303734 seconds.
  path: Assets/Animation/AnimationClips/WB_Forward.anim
  artifactKey: Guid(b8a580f839d7d4945adef08295c7d221) Importer(815301076,1909f56bfc062723c751e8b465ee728b)
Start importing Assets/Animation/AnimationClips/WB_Forward.anim using Guid(b8a580f839d7d4945adef08295c7d221) Importer(815301076,1909f56bfc062723c751e8b465ee728b)  -> (artifact id: '7b1ac06b9ca10dbb146366bbf1fd3a1f') in 0.043984 seconds 
========================================================================
Received Prepare
Registering precompiled user dll's ...
Registered in 0.005209 seconds.
Begin MonoManager ReloadAssembly
Symbol file LoadedFromMemory doesn't match image D:\CGVLab(D)\DepthPerceptionTraining\DPTraining\Library\PackageCache\com.unity.visualscripting@1.7.8\Editor\VisualScripting.Core\Dependencies\DotNetZip\Unity.VisualScripting.IonicZip.dll
Symbol file LoadedFromMemory doesn't match image D:\CGVLab(D)\DepthPerceptionTraining\DPTraining\Library\PackageCache\com.unity.visualscripting@1.7.8\Editor\VisualScripting.Core\Dependencies\YamlDotNet\Unity.VisualScripting.YamlDotNet.dll
Native extension for WindowsStandalone target not found
Native extension for Android target not found
Refreshing native plugins compatible for Editor in 0.91 ms, found 9 plugins.
Preloading 1 native plugins for Editor in 0.04 ms.
Mono: successfully reloaded assembly
- Completed reload, in  0.904 seconds
Domain Reload Profiling:
	ReloadAssembly (904ms)
		BeginReloadAssembly (121ms)
			ExecutionOrderSort (0ms)
			DisableScriptedObjects (5ms)
			BackupInstance (0ms)
			ReleaseScriptingObjects (0ms)
			CreateAndSetChildDomain (37ms)
		EndReloadAssembly (704ms)
			LoadAssemblies (79ms)
			RebuildTransferFunctionScriptingTraits (0ms)
			SetupTypeCache (248ms)
			ReleaseScriptCaches (1ms)
			RebuildScriptCaches (36ms)
			SetupLoadedEditorAssemblies (300ms)
				LogAssemblyErrors (0ms)
				InitializePlatformSupportModulesInManaged (18ms)
				SetLoadedEditorAssemblies (0ms)
				RefreshPlugins (1ms)
				BeforeProcessingInitializeOnLoad (54ms)
				ProcessInitializeOnLoadAttributes (191ms)
				ProcessInitializeOnLoadMethodAttributes (28ms)
				AfterProcessingInitializeOnLoad (7ms)
				EditorAssembliesLoaded (0ms)
			ExecutionOrderSort2 (0ms)
			AwakeInstancesAfterBackupRestoration (6ms)
Platform modules already initialized, skipping
Shader 'Oculus/OVRMRCameraFrameLit': fallback shader 'Alpha-Diffuse' not found
Refreshing native plugins compatible for Editor in 3.62 ms, found 9 plugins.
Preloading 1 native plugins for Editor in 0.03 ms.
Unloading 4914 Unused Serialized files (Serialized files now loaded: 0)
Unloading 55 unused Assets / (157.3 KB). Loaded Objects now: 5532.
Memory consumption went from 179.3 MB to 179.2 MB.
Total: 2.800000 ms (FindLiveObjects: 0.376200 ms CreateObjectMapping: 0.194200 ms MarkObjects: 2.096400 ms  DeleteObjects: 0.132100 ms)

AssetImportParameters requested are different than current active one (requested -> active):
  custom:video-decoder-ogg-theora: a1e56fd34408186e4bbccfd4996cb3dc -> 
  custom:container-muxer-webm: aa71ff27fc2769a1b78a27578f13a17b -> 
  custom:container-demuxer-webm: 4f35f7cbe854078d1ac9338744f61a02 -> 
  custom:video-encoder-webm-vp8: eb34c28f22e8b96e1ab97ce403110664 -> 
  custom:video-codec-MediaFoundation-h265: 746d11721c4dcdbdad8f713fa42b33f4 -> 
  custom:audio-encoder-webm-vorbis: bf7c407c2cedff20999df2af8eb42d56 -> 
  custom:framework-win-MediaFoundation: 216162199b28c13a410421893ffa2e32 -> 
  custom:container-demuxer-ogg: 62fdf1f143b41e24485cea50d1cbac27 -> 
  custom:video-decoder-webm-vp8: 9c59270c3fd7afecdb556c50c9e8de78 -> 
  custom:audio-decoder-ogg-vorbis: bf7c407c2cedff20999df2af8eb42d56 -> 
========================================================================
Received Import Request.
  Time since last request: 102.673410 seconds.
  path: Assets/Animation/PN_Stickman@Step Backward.fbx
  artifactKey: Guid(4226cffbc93abc9468d9999353da0c37) Importer(815301076,1909f56bfc062723c751e8b465ee728b)
Start importing Assets/Animation/PN_Stickman@Step Backward.fbx using Guid(4226cffbc93abc9468d9999353da0c37) Importer(815301076,1909f56bfc062723c751e8b465ee728b)  -> (artifact id: 'ea4f73b387ca5485a1bf7fe0932a4d91') in 0.300729 seconds 
========================================================================
Received Import Request.
  Time since last request: 4.274419 seconds.
  path: Assets/Animation/WB_idle_2.FBX
  artifactKey: Guid(2d9338d0f3006ea45932ecb4f533073c) Importer(815301076,1909f56bfc062723c751e8b465ee728b)
Start importing Assets/Animation/WB_idle_2.FBX using Guid(2d9338d0f3006ea45932ecb4f533073c) Importer(815301076,1909f56bfc062723c751e8b465ee728b)  -> (artifact id: '278d9ddbf09ee69b1d6ec335872751b2') in 0.076705 seconds 
========================================================================
Received Import Request.
  Time since last request: 1.108597 seconds.
  path: Assets/Animation/WB_walk_forward.FBX
  artifactKey: Guid(2196bb6850093c94092f47f59395ead7) Importer(815301076,1909f56bfc062723c751e8b465ee728b)
Start importing Assets/Animation/WB_walk_forward.FBX using Guid(2196bb6850093c94092f47f59395ead7) Importer(815301076,1909f56bfc062723c751e8b465ee728b)  -> (artifact id: '1b80806364441d8c19a19d387bb55928') in 0.065328 seconds 
========================================================================
Received Import Request.
  Time since last request: 65.933504 seconds.
  path: Assets/Animation/WB_idle_1.FBX
  artifactKey: Guid(05a155024adb53344b6d6cac4debcb94) Importer(815301076,1909f56bfc062723c751e8b465ee728b)
Start importing Assets/Animation/WB_idle_1.FBX using Guid(05a155024adb53344b6d6cac4debcb94) Importer(815301076,1909f56bfc062723c751e8b465ee728b)  -> (artifact id: 'b6704dc9fb34a7dd6260434fec4d9ced') in 0.103170 seconds 
========================================================================
Received Import Request.
  Time since last request: 2.266022 seconds.
  path: Assets/Animation/PN_Stickman@Step Backward.fbx
  artifactKey: Guid(4226cffbc93abc9468d9999353da0c37) Importer(815301076,1909f56bfc062723c751e8b465ee728b)
Start importing Assets/Animation/PN_Stickman@Step Backward.fbx using Guid(4226cffbc93abc9468d9999353da0c37) Importer(815301076,1909f56bfc062723c751e8b465ee728b)  -> (artifact id: '7a121640f19be30b8d4869ddf8bd5086') in 0.299850 seconds 
========================================================================
Received Import Request.
  Time since last request: 43.049289 seconds.
  path: Assets/Animation/Animator/Coach_Mixamo.controller
  artifactKey: Guid(5e70cd38ac8133b4d8609d83fd14bb8f) Importer(815301076,1909f56bfc062723c751e8b465ee728b)
Start importing Assets/Animation/Animator/Coach_Mixamo.controller using Guid(5e70cd38ac8133b4d8609d83fd14bb8f) Importer(815301076,1909f56bfc062723c751e8b465ee728b)  -> (artifact id: '51006caee8c6007166f9444d36f596e4') in 0.023852 seconds 
========================================================================
Received Import Request.
  Time since last request: 20.939073 seconds.
  path: Assets/Animation/Y Bot@Idle.fbx
  artifactKey: Guid(70d72f194e2537b48951ddf0509f1f2a) Importer(815301076,1909f56bfc062723c751e8b465ee728b)
Start importing Assets/Animation/Y Bot@Idle.fbx using Guid(70d72f194e2537b48951ddf0509f1f2a) Importer(815301076,1909f56bfc062723c751e8b465ee728b)  -> (artifact id: '8a9dfcc730adb11a4454664c6f1b6de9') in 0.048220 seconds 
========================================================================
Received Import Request.
  Time since last request: 11.256002 seconds.
  path: Assets/Animation/Y Bot@Idle.fbx
  artifactKey: Guid(70d72f194e2537b48951ddf0509f1f2a) Importer(815301076,1909f56bfc062723c751e8b465ee728b)
Start importing Assets/Animation/Y Bot@Idle.fbx using Guid(70d72f194e2537b48951ddf0509f1f2a) Importer(815301076,1909f56bfc062723c751e8b465ee728b)  -> (artifact id: 'fa21d2e9bcad37ebc177b29a682a9e1f') in 0.113872 seconds 
========================================================================
Received Import Request.
  Time since last request: 11.129628 seconds.
  path: Assets/Animation/Y Bot@Ready Idle.fbx
  artifactKey: Guid(0b1381836e7f72b4da2d3dc6f9a4e90d) Importer(815301076,1909f56bfc062723c751e8b465ee728b)
Start importing Assets/Animation/Y Bot@Ready Idle.fbx using Guid(0b1381836e7f72b4da2d3dc6f9a4e90d) Importer(815301076,1909f56bfc062723c751e8b465ee728b)  -> (artifact id: 'b0ed15d2dc8ac7c3922df048a8f28fa1') in 0.061568 seconds 
========================================================================
Received Import Request.
  Time since last request: 5.297190 seconds.
  path: Assets/Animation/Y Bot@Short Step Forward.fbx
  artifactKey: Guid(c85358337a99fd64396107f4e6f9c504) Importer(815301076,1909f56bfc062723c751e8b465ee728b)
Start importing Assets/Animation/Y Bot@Short Step Forward.fbx using Guid(c85358337a99fd64396107f4e6f9c504) Importer(815301076,1909f56bfc062723c751e8b465ee728b)  -> (artifact id: 'b6f88ff25f06c150e80bcfcdc11d6b2e') in 0.129591 seconds 
========================================================================
Received Import Request.
  Time since last request: 6.222307 seconds.
  path: Assets/Animation/Y Bot@Short Step Forward.fbx
  artifactKey: Guid(c85358337a99fd64396107f4e6f9c504) Importer(815301076,1909f56bfc062723c751e8b465ee728b)
Start importing Assets/Animation/Y Bot@Short Step Forward.fbx using Guid(c85358337a99fd64396107f4e6f9c504) Importer(815301076,1909f56bfc062723c751e8b465ee728b)  -> (artifact id: '1e266834080e3c81d2e1a96af878efab') in 0.113440 seconds 
========================================================================
Received Import Request.
  Time since last request: 19.170940 seconds.
  path: Assets/Animation/Y Bot@Idle.fbx
  artifactKey: Guid(70d72f194e2537b48951ddf0509f1f2a) Importer(815301076,1909f56bfc062723c751e8b465ee728b)
Start importing Assets/Animation/Y Bot@Idle.fbx using Guid(70d72f194e2537b48951ddf0509f1f2a) Importer(815301076,1909f56bfc062723c751e8b465ee728b)  -> (artifact id: '856127168e0cbb678ae6a4d372e99164') in 0.091592 seconds 
========================================================================
Received Import Request.
  Time since last request: 4.197474 seconds.
  path: Assets/Animation/AnimationClips/Idle.anim
  artifactKey: Guid(268e18d87053dca44bd85082c7d8a998) Importer(815301076,1909f56bfc062723c751e8b465ee728b)
Start importing Assets/Animation/AnimationClips/Idle.anim using Guid(268e18d87053dca44bd85082c7d8a998) Importer(815301076,1909f56bfc062723c751e8b465ee728b)  -> (artifact id: 'e554088331b3db92114bdb71b36c68d6') in 0.011979 seconds 
========================================================================
Received Import Request.
  Time since last request: 4.381896 seconds.
  path: Assets/Animation/Y Bot@Ready Idle.fbx
  artifactKey: Guid(0b1381836e7f72b4da2d3dc6f9a4e90d) Importer(815301076,1909f56bfc062723c751e8b465ee728b)
Start importing Assets/Animation/Y Bot@Ready Idle.fbx using Guid(0b1381836e7f72b4da2d3dc6f9a4e90d) Importer(815301076,1909f56bfc062723c751e8b465ee728b)  -> (artifact id: '240423a376e2e9a4c03b63ff9d4b33a6') in 0.083299 seconds 
========================================================================
Received Import Request.
  Time since last request: 6.444406 seconds.
  path: Assets/Animation/AnimationClips/Y Bot@Ready Idle.fbx
  artifactKey: Guid(58b71eda7d8214f4893ccced878a5a71) Importer(815301076,1909f56bfc062723c751e8b465ee728b)
Start importing Assets/Animation/AnimationClips/Y Bot@Ready Idle.fbx using Guid(58b71eda7d8214f4893ccced878a5a71) Importer(815301076,1909f56bfc062723c751e8b465ee728b)  -> (artifact id: '4773f10ebccbde08f9b4b829d3211ed6') in 0.088759 seconds 
========================================================================
Received Import Request.
  Time since last request: 1.352470 seconds.
  path: Assets/Animation/AnimationClips/Ready Idle.anim
  artifactKey: Guid(31ebd373afbf2aa4d8494af82aef5e40) Importer(815301076,1909f56bfc062723c751e8b465ee728b)
Start importing Assets/Animation/AnimationClips/Ready Idle.anim using Guid(31ebd373afbf2aa4d8494af82aef5e40) Importer(815301076,1909f56bfc062723c751e8b465ee728b)  -> (artifact id: '6a255e16bdec3a4c1f74714b0e1d25fb') in 0.008633 seconds 
========================================================================
Received Import Request.
  Time since last request: 20.075111 seconds.
  path: Assets/Animation/AnimationClips/Short Step Forward.anim
  artifactKey: Guid(576c81641e715fb4381ec4fa4d51de9c) Importer(815301076,1909f56bfc062723c751e8b465ee728b)
Start importing Assets/Animation/AnimationClips/Short Step Forward.anim using Guid(576c81641e715fb4381ec4fa4d51de9c) Importer(815301076,1909f56bfc062723c751e8b465ee728b)  -> (artifact id: '08451f694c4c573a00bbc2b09900cb14') in 0.009764 seconds 
========================================================================
Received Import Request.
  Time since last request: 6.837872 seconds.
  path: Assets/Animation/PN_Stickman@Step Backward.fbx
  artifactKey: Guid(4226cffbc93abc9468d9999353da0c37) Importer(815301076,1909f56bfc062723c751e8b465ee728b)
Start importing Assets/Animation/PN_Stickman@Step Backward.fbx using Guid(4226cffbc93abc9468d9999353da0c37) Importer(815301076,1909f56bfc062723c751e8b465ee728b)  -> (artifact id: 'b31ce9d5c941371bce2bb8934e019318') in 0.288187 seconds 
========================================================================
Received Import Request.
  Time since last request: 2.873700 seconds.
  path: Assets/Animation/AnimationClips/Step Backward.anim
  artifactKey: Guid(141025f9297563346b94e3668cf61b1e) Importer(815301076,1909f56bfc062723c751e8b465ee728b)
Start importing Assets/Animation/AnimationClips/Step Backward.anim using Guid(141025f9297563346b94e3668cf61b1e) Importer(815301076,1909f56bfc062723c751e8b465ee728b)  -> (artifact id: '7eea7721b4cee5869b74a82a4ce91e6a') in 0.009801 seconds 
========================================================================
Received Import Request.
  Time since last request: 18.299973 seconds.
  path: Assets/Animation/AnimationClips/Mixamo_Idle.anim
  artifactKey: Guid(268e18d87053dca44bd85082c7d8a998) Importer(815301076,1909f56bfc062723c751e8b465ee728b)
Start importing Assets/Animation/AnimationClips/Mixamo_Idle.anim using Guid(268e18d87053dca44bd85082c7d8a998) Importer(815301076,1909f56bfc062723c751e8b465ee728b)  -> (artifact id: '8c8d817fb8169cbf03325d2be0c8bea7') in 0.013325 seconds 
========================================================================
Received Import Request.
  Time since last request: 3.961737 seconds.
  path: Assets/Animation/AnimationClips/Mixamo_Ready Idle.anim
  artifactKey: Guid(31ebd373afbf2aa4d8494af82aef5e40) Importer(815301076,1909f56bfc062723c751e8b465ee728b)
Start importing Assets/Animation/AnimationClips/Mixamo_Ready Idle.anim using Guid(31ebd373afbf2aa4d8494af82aef5e40) Importer(815301076,1909f56bfc062723c751e8b465ee728b)  -> (artifact id: '7d2693109e023fe1e9da961b14cebab0') in 0.008756 seconds 
========================================================================
Received Import Request.
  Time since last request: 4.571592 seconds.
  path: Assets/Animation/AnimationClips/Mixamo_Short Step Forward.anim
  artifactKey: Guid(576c81641e715fb4381ec4fa4d51de9c) Importer(815301076,1909f56bfc062723c751e8b465ee728b)
Start importing Assets/Animation/AnimationClips/Mixamo_Short Step Forward.anim using Guid(576c81641e715fb4381ec4fa4d51de9c) Importer(815301076,1909f56bfc062723c751e8b465ee728b)  -> (artifact id: 'e469cd6a8b25a5c9722a11620ce79067') in 0.010155 seconds 
========================================================================
Received Import Request.
  Time since last request: 5.985562 seconds.
  path: Assets/Animation/AnimationClips/Mixamo_Step Backward.anim
  artifactKey: Guid(141025f9297563346b94e3668cf61b1e) Importer(815301076,1909f56bfc062723c751e8b465ee728b)
Start importing Assets/Animation/AnimationClips/Mixamo_Step Backward.anim using Guid(141025f9297563346b94e3668cf61b1e) Importer(815301076,1909f56bfc062723c751e8b465ee728b)  -> (artifact id: '9265c11dfc59da665e1c0051e50e15bb') in 0.011993 seconds 
========================================================================
Received Prepare
Registering precompiled user dll's ...
Registered in 0.005018 seconds.
Begin MonoManager ReloadAssembly
Symbol file LoadedFromMemory doesn't match image D:\CGVLab(D)\DepthPerceptionTraining\DPTraining\Library\PackageCache\com.unity.visualscripting@1.7.8\Editor\VisualScripting.Core\Dependencies\DotNetZip\Unity.VisualScripting.IonicZip.dll
Symbol file LoadedFromMemory doesn't match image D:\CGVLab(D)\DepthPerceptionTraining\DPTraining\Library\PackageCache\com.unity.visualscripting@1.7.8\Editor\VisualScripting.Core\Dependencies\YamlDotNet\Unity.VisualScripting.YamlDotNet.dll
Native extension for WindowsStandalone target not found
Native extension for Android target not found
Refreshing native plugins compatible for Editor in 0.89 ms, found 9 plugins.
Preloading 1 native plugins for Editor in 0.03 ms.
Mono: successfully reloaded assembly
- Completed reload, in  0.910 seconds
Domain Reload Profiling:
	ReloadAssembly (910ms)
		BeginReloadAssembly (113ms)
			ExecutionOrderSort (0ms)
			DisableScriptedObjects (3ms)
			BackupInstance (0ms)
			ReleaseScriptingObjects (0ms)
			CreateAndSetChildDomain (40ms)
		EndReloadAssembly (715ms)
			LoadAssemblies (73ms)
			RebuildTransferFunctionScriptingTraits (0ms)
			SetupTypeCache (240ms)
			ReleaseScriptCaches (2ms)
			RebuildScriptCaches (40ms)
			SetupLoadedEditorAssemblies (321ms)
				LogAssemblyErrors (0ms)
				InitializePlatformSupportModulesInManaged (18ms)
				SetLoadedEditorAssemblies (0ms)
				RefreshPlugins (1ms)
				BeforeProcessingInitializeOnLoad (62ms)
				ProcessInitializeOnLoadAttributes (202ms)
				ProcessInitializeOnLoadMethodAttributes (32ms)
				AfterProcessingInitializeOnLoad (7ms)
				EditorAssembliesLoaded (0ms)
			ExecutionOrderSort2 (0ms)
			AwakeInstancesAfterBackupRestoration (5ms)
Platform modules already initialized, skipping
Shader 'Oculus/OVRMRCameraFrameLit': fallback shader 'Alpha-Diffuse' not found
Refreshing native plugins compatible for Editor in 4.13 ms, found 9 plugins.
Preloading 1 native plugins for Editor in 0.03 ms.
Unloading 4914 Unused Serialized files (Serialized files now loaded: 0)
Unloading 55 unused Assets / (157.3 KB). Loaded Objects now: 5537.
Memory consumption went from 192.4 MB to 192.3 MB.
Total: 2.740400 ms (FindLiveObjects: 0.323000 ms CreateObjectMapping: 0.174800 ms MarkObjects: 2.108000 ms  DeleteObjects: 0.132700 ms)

AssetImportParameters requested are different than current active one (requested -> active):
  custom:video-decoder-ogg-theora: a1e56fd34408186e4bbccfd4996cb3dc -> 
  custom:container-muxer-webm: aa71ff27fc2769a1b78a27578f13a17b -> 
  custom:container-demuxer-webm: 4f35f7cbe854078d1ac9338744f61a02 -> 
  custom:video-encoder-webm-vp8: eb34c28f22e8b96e1ab97ce403110664 -> 
  custom:video-codec-MediaFoundation-h265: 746d11721c4dcdbdad8f713fa42b33f4 -> 
  custom:audio-encoder-webm-vorbis: bf7c407c2cedff20999df2af8eb42d56 -> 
  custom:framework-win-MediaFoundation: 216162199b28c13a410421893ffa2e32 -> 
  custom:container-demuxer-ogg: 62fdf1f143b41e24485cea50d1cbac27 -> 
  custom:video-decoder-webm-vp8: 9c59270c3fd7afecdb556c50c9e8de78 -> 
  custom:audio-decoder-ogg-vorbis: bf7c407c2cedff20999df2af8eb42d56 -> 
========================================================================
Received Prepare
Registering precompiled user dll's ...
Registered in 0.006928 seconds.
Begin MonoManager ReloadAssembly
Symbol file LoadedFromMemory doesn't match image D:\CGVLab(D)\DepthPerceptionTraining\DPTraining\Library\PackageCache\com.unity.visualscripting@1.7.8\Editor\VisualScripting.Core\Dependencies\DotNetZip\Unity.VisualScripting.IonicZip.dll
Symbol file LoadedFromMemory doesn't match image D:\CGVLab(D)\DepthPerceptionTraining\DPTraining\Library\PackageCache\com.unity.visualscripting@1.7.8\Editor\VisualScripting.Core\Dependencies\YamlDotNet\Unity.VisualScripting.YamlDotNet.dll
Native extension for WindowsStandalone target not found
Native extension for Android target not found
Refreshing native plugins compatible for Editor in 0.93 ms, found 9 plugins.
Preloading 1 native plugins for Editor in 0.04 ms.
Mono: successfully reloaded assembly
- Completed reload, in  0.887 seconds
Domain Reload Profiling:
	ReloadAssembly (887ms)
		BeginReloadAssembly (112ms)
			ExecutionOrderSort (0ms)
			DisableScriptedObjects (3ms)
			BackupInstance (0ms)
			ReleaseScriptingObjects (0ms)
			CreateAndSetChildDomain (30ms)
		EndReloadAssembly (698ms)
			LoadAssemblies (77ms)
			RebuildTransferFunctionScriptingTraits (0ms)
			SetupTypeCache (229ms)
			ReleaseScriptCaches (1ms)
			RebuildScriptCaches (40ms)
			SetupLoadedEditorAssemblies (310ms)
				LogAssemblyErrors (0ms)
				InitializePlatformSupportModulesInManaged (17ms)
				SetLoadedEditorAssemblies (0ms)
				RefreshPlugins (1ms)
				BeforeProcessingInitializeOnLoad (61ms)
				ProcessInitializeOnLoadAttributes (195ms)
				ProcessInitializeOnLoadMethodAttributes (29ms)
				AfterProcessingInitializeOnLoad (7ms)
				EditorAssembliesLoaded (0ms)
			ExecutionOrderSort2 (0ms)
			AwakeInstancesAfterBackupRestoration (5ms)
Platform modules already initialized, skipping
Shader 'Oculus/OVRMRCameraFrameLit': fallback shader 'Alpha-Diffuse' not found
Refreshing native plugins compatible for Editor in 3.67 ms, found 9 plugins.
Preloading 1 native plugins for Editor in 0.03 ms.
Unloading 4914 Unused Serialized files (Serialized files now loaded: 0)
Unloading 55 unused Assets / (157.3 KB). Loaded Objects now: 5541.
Memory consumption went from 192.4 MB to 192.3 MB.
Total: 2.789200 ms (FindLiveObjects: 0.312800 ms CreateObjectMapping: 0.187700 ms MarkObjects: 2.149400 ms  DeleteObjects: 0.137900 ms)

AssetImportParameters requested are different than current active one (requested -> active):
  custom:video-decoder-ogg-theora: a1e56fd34408186e4bbccfd4996cb3dc -> 
  custom:container-muxer-webm: aa71ff27fc2769a1b78a27578f13a17b -> 
  custom:container-demuxer-webm: 4f35f7cbe854078d1ac9338744f61a02 -> 
  custom:video-encoder-webm-vp8: eb34c28f22e8b96e1ab97ce403110664 -> 
  custom:video-codec-MediaFoundation-h265: 746d11721c4dcdbdad8f713fa42b33f4 -> 
  custom:audio-encoder-webm-vorbis: bf7c407c2cedff20999df2af8eb42d56 -> 
  custom:framework-win-MediaFoundation: 216162199b28c13a410421893ffa2e32 -> 
  custom:container-demuxer-ogg: 62fdf1f143b41e24485cea50d1cbac27 -> 
  custom:video-decoder-webm-vp8: 9c59270c3fd7afecdb556c50c9e8de78 -> 
  custom:audio-decoder-ogg-vorbis: bf7c407c2cedff20999df2af8eb42d56 -> 
========================================================================
Received Import Request.
  Time since last request: 219.286042 seconds.
  path: Assets/Animation/Animator/Coach_WB 1.controller
  artifactKey: Guid(dae1fc668dcbcf549867186bec10f8f2) Importer(815301076,1909f56bfc062723c751e8b465ee728b)
Start importing Assets/Animation/Animator/Coach_WB 1.controller using Guid(dae1fc668dcbcf549867186bec10f8f2) Importer(815301076,1909f56bfc062723c751e8b465ee728b)  -> (artifact id: '8a7e9ecb64ee19eb34aa998670b05f6e') in 0.048518 seconds 
========================================================================
Received Import Request.
  Time since last request: 4.206481 seconds.
  path: Assets/Animation/Animator/Coach_Mixamo.controller
  artifactKey: Guid(5e70cd38ac8133b4d8609d83fd14bb8f) Importer(815301076,1909f56bfc062723c751e8b465ee728b)
Start importing Assets/Animation/Animator/Coach_Mixamo.controller using Guid(5e70cd38ac8133b4d8609d83fd14bb8f) Importer(815301076,1909f56bfc062723c751e8b465ee728b)  -> (artifact id: '3b10fa2a2b24604e85ff1ac45c256634') in 0.034674 seconds 
========================================================================
Received Import Request.
  Time since last request: 4.223339 seconds.
  path: Assets/Animation/Animator/Coach_Mixamo_old.controller
  artifactKey: Guid(5e70cd38ac8133b4d8609d83fd14bb8f) Importer(815301076,1909f56bfc062723c751e8b465ee728b)
Start importing Assets/Animation/Animator/Coach_Mixamo_old.controller using Guid(5e70cd38ac8133b4d8609d83fd14bb8f) Importer(815301076,1909f56bfc062723c751e8b465ee728b)  -> (artifact id: '428c19b24fb09a0b25cb9b450f6e9d07') in 0.037122 seconds 
========================================================================
Received Import Request.
  Time since last request: 6.396500 seconds.
  path: Assets/Animation/Animator/Coach_Mixamo.controller
  artifactKey: Guid(dae1fc668dcbcf549867186bec10f8f2) Importer(815301076,1909f56bfc062723c751e8b465ee728b)
Start importing Assets/Animation/Animator/Coach_Mixamo.controller using Guid(dae1fc668dcbcf549867186bec10f8f2) Importer(815301076,1909f56bfc062723c751e8b465ee728b)  -> (artifact id: '20cc733aa142e8aa89bcea084838f82b') in 0.027259 seconds 
========================================================================
Received Import Request.
  Time since last request: 14.447504 seconds.
  path: Assets/Animation/AnimationClips/Mixamo_Idle.anim
  artifactKey: Guid(268e18d87053dca44bd85082c7d8a998) Importer(815301076,1909f56bfc062723c751e8b465ee728b)
Start importing Assets/Animation/AnimationClips/Mixamo_Idle.anim using Guid(268e18d87053dca44bd85082c7d8a998) Importer(815301076,1909f56bfc062723c751e8b465ee728b)  -> (artifact id: 'd415d1c633fc57a9e82a49188fac0bdf') in 0.014822 seconds 
========================================================================
Received Prepare
Registering precompiled user dll's ...
Registered in 0.005042 seconds.
Begin MonoManager ReloadAssembly
Symbol file LoadedFromMemory doesn't match image D:\CGVLab(D)\DepthPerceptionTraining\DPTraining\Library\PackageCache\com.unity.visualscripting@1.7.8\Editor\VisualScripting.Core\Dependencies\DotNetZip\Unity.VisualScripting.IonicZip.dll
Symbol file LoadedFromMemory doesn't match image D:\CGVLab(D)\DepthPerceptionTraining\DPTraining\Library\PackageCache\com.unity.visualscripting@1.7.8\Editor\VisualScripting.Core\Dependencies\YamlDotNet\Unity.VisualScripting.YamlDotNet.dll
Native extension for WindowsStandalone target not found
Native extension for Android target not found
Refreshing native plugins compatible for Editor in 1.16 ms, found 9 plugins.
Preloading 1 native plugins for Editor in 0.04 ms.
Mono: successfully reloaded assembly
- Completed reload, in  0.931 seconds
Domain Reload Profiling:
	ReloadAssembly (932ms)
		BeginReloadAssembly (112ms)
			ExecutionOrderSort (0ms)
			DisableScriptedObjects (3ms)
			BackupInstance (0ms)
			ReleaseScriptingObjects (0ms)
			CreateAndSetChildDomain (34ms)
		EndReloadAssembly (744ms)
			LoadAssemblies (81ms)
			RebuildTransferFunctionScriptingTraits (0ms)
			SetupTypeCache (250ms)
			ReleaseScriptCaches (2ms)
			RebuildScriptCaches (47ms)
			SetupLoadedEditorAssemblies (312ms)
				LogAssemblyErrors (0ms)
				InitializePlatformSupportModulesInManaged (17ms)
				SetLoadedEditorAssemblies (0ms)
				RefreshPlugins (1ms)
				BeforeProcessingInitializeOnLoad (58ms)
				ProcessInitializeOnLoadAttributes (196ms)
				ProcessInitializeOnLoadMethodAttributes (32ms)
				AfterProcessingInitializeOnLoad (8ms)
				EditorAssembliesLoaded (0ms)
			ExecutionOrderSort2 (0ms)
			AwakeInstancesAfterBackupRestoration (5ms)
Platform modules already initialized, skipping
Shader 'Oculus/OVRMRCameraFrameLit': fallback shader 'Alpha-Diffuse' not found
Refreshing native plugins compatible for Editor in 3.98 ms, found 9 plugins.
Preloading 1 native plugins for Editor in 0.03 ms.
Unloading 4914 Unused Serialized files (Serialized files now loaded: 0)
Unloading 55 unused Assets / (157.2 KB). Loaded Objects now: 5545.
Memory consumption went from 192.5 MB to 192.3 MB.
Total: 3.764600 ms (FindLiveObjects: 0.421200 ms CreateObjectMapping: 0.238300 ms MarkObjects: 2.855300 ms  DeleteObjects: 0.248200 ms)

AssetImportParameters requested are different than current active one (requested -> active):
  custom:video-decoder-ogg-theora: a1e56fd34408186e4bbccfd4996cb3dc -> 
  custom:container-muxer-webm: aa71ff27fc2769a1b78a27578f13a17b -> 
  custom:container-demuxer-webm: 4f35f7cbe854078d1ac9338744f61a02 -> 
  custom:video-encoder-webm-vp8: eb34c28f22e8b96e1ab97ce403110664 -> 
  custom:video-codec-MediaFoundation-h265: 746d11721c4dcdbdad8f713fa42b33f4 -> 
  custom:audio-encoder-webm-vorbis: bf7c407c2cedff20999df2af8eb42d56 -> 
  custom:framework-win-MediaFoundation: 216162199b28c13a410421893ffa2e32 -> 
  custom:container-demuxer-ogg: 62fdf1f143b41e24485cea50d1cbac27 -> 
  custom:video-decoder-webm-vp8: 9c59270c3fd7afecdb556c50c9e8de78 -> 
  custom:audio-decoder-ogg-vorbis: bf7c407c2cedff20999df2af8eb42d56 -> 
========================================================================
Received Prepare
Registering precompiled user dll's ...
Registered in 0.005448 seconds.
Begin MonoManager ReloadAssembly
Symbol file LoadedFromMemory doesn't match image D:\CGVLab(D)\DepthPerceptionTraining\DPTraining\Library\PackageCache\com.unity.visualscripting@1.7.8\Editor\VisualScripting.Core\Dependencies\DotNetZip\Unity.VisualScripting.IonicZip.dll
Symbol file LoadedFromMemory doesn't match image D:\CGVLab(D)\DepthPerceptionTraining\DPTraining\Library\PackageCache\com.unity.visualscripting@1.7.8\Editor\VisualScripting.Core\Dependencies\YamlDotNet\Unity.VisualScripting.YamlDotNet.dll
Native extension for WindowsStandalone target not found
Native extension for Android target not found
Refreshing native plugins compatible for Editor in 0.94 ms, found 9 plugins.
Preloading 1 native plugins for Editor in 0.04 ms.
Mono: successfully reloaded assembly
- Completed reload, in  0.911 seconds
Domain Reload Profiling:
	ReloadAssembly (912ms)
		BeginReloadAssembly (109ms)
			ExecutionOrderSort (0ms)
			DisableScriptedObjects (4ms)
			BackupInstance (0ms)
			ReleaseScriptingObjects (0ms)
			CreateAndSetChildDomain (32ms)
		EndReloadAssembly (722ms)
			LoadAssemblies (75ms)
			RebuildTransferFunctionScriptingTraits (0ms)
			SetupTypeCache (235ms)
			ReleaseScriptCaches (2ms)
			RebuildScriptCaches (40ms)
			SetupLoadedEditorAssemblies (327ms)
				LogAssemblyErrors (0ms)
				InitializePlatformSupportModulesInManaged (16ms)
				SetLoadedEditorAssemblies (0ms)
				RefreshPlugins (1ms)
				BeforeProcessingInitializeOnLoad (65ms)
				ProcessInitializeOnLoadAttributes (205ms)
				ProcessInitializeOnLoadMethodAttributes (32ms)
				AfterProcessingInitializeOnLoad (7ms)
				EditorAssembliesLoaded (0ms)
			ExecutionOrderSort2 (0ms)
			AwakeInstancesAfterBackupRestoration (7ms)
Platform modules already initialized, skipping
Shader 'Oculus/OVRMRCameraFrameLit': fallback shader 'Alpha-Diffuse' not found
Refreshing native plugins compatible for Editor in 4.33 ms, found 9 plugins.
Preloading 1 native plugins for Editor in 0.05 ms.
Unloading 4914 Unused Serialized files (Serialized files now loaded: 0)
Unloading 55 unused Assets / (157.4 KB). Loaded Objects now: 5549.
Memory consumption went from 192.5 MB to 192.3 MB.
Total: 2.783900 ms (FindLiveObjects: 0.312500 ms CreateObjectMapping: 0.178800 ms MarkObjects: 2.153700 ms  DeleteObjects: 0.137900 ms)

AssetImportParameters requested are different than current active one (requested -> active):
  custom:video-decoder-ogg-theora: a1e56fd34408186e4bbccfd4996cb3dc -> 
  custom:container-muxer-webm: aa71ff27fc2769a1b78a27578f13a17b -> 
  custom:container-demuxer-webm: 4f35f7cbe854078d1ac9338744f61a02 -> 
  custom:video-encoder-webm-vp8: eb34c28f22e8b96e1ab97ce403110664 -> 
  custom:video-codec-MediaFoundation-h265: 746d11721c4dcdbdad8f713fa42b33f4 -> 
  custom:audio-encoder-webm-vorbis: bf7c407c2cedff20999df2af8eb42d56 -> 
  custom:framework-win-MediaFoundation: 216162199b28c13a410421893ffa2e32 -> 
  custom:container-demuxer-ogg: 62fdf1f143b41e24485cea50d1cbac27 -> 
  custom:video-decoder-webm-vp8: 9c59270c3fd7afecdb556c50c9e8de78 -> 
  custom:audio-decoder-ogg-vorbis: bf7c407c2cedff20999df2af8eb42d56 -> 
========================================================================
Received Import Request.
  Time since last request: 47958.634247 seconds.
  path: Assets/Animation/Animator/Coach_Mixamo.controller
  artifactKey: Guid(dae1fc668dcbcf549867186bec10f8f2) Importer(815301076,1909f56bfc062723c751e8b465ee728b)
Start importing Assets/Animation/Animator/Coach_Mixamo.controller using Guid(dae1fc668dcbcf549867186bec10f8f2) Importer(815301076,1909f56bfc062723c751e8b465ee728b)  -> (artifact id: 'eb015a16822a33513d5688cd199c0c3d') in 0.076687 seconds 
========================================================================
Received Import Request.
  Time since last request: 8.834902 seconds.
  path: Assets/Animation/Animator/Coach_Mixamo 1.controller
  artifactKey: Guid(4b59403e9bf6bd041a1f7fda443b4025) Importer(815301076,1909f56bfc062723c751e8b465ee728b)
Start importing Assets/Animation/Animator/Coach_Mixamo 1.controller using Guid(4b59403e9bf6bd041a1f7fda443b4025) Importer(815301076,1909f56bfc062723c751e8b465ee728b)  -> (artifact id: 'd8feae81299f0c8b5cc93578526cd9e3') in 0.037422 seconds 
========================================================================
Received Import Request.
  Time since last request: 15.484009 seconds.
  path: Assets/Animation/Animator/Coach_Customise.controller
  artifactKey: Guid(4b59403e9bf6bd041a1f7fda443b4025) Importer(815301076,1909f56bfc062723c751e8b465ee728b)
Start importing Assets/Animation/Animator/Coach_Customise.controller using Guid(4b59403e9bf6bd041a1f7fda443b4025) Importer(815301076,1909f56bfc062723c751e8b465ee728b)  -> (artifact id: '34fba329380a61c4f30ba6d81bf57421') in 0.037027 seconds 
========================================================================
Received Import Request.
  Time since last request: 107.197632 seconds.
  path: Assets/Animation/Animator/Coach_Customized.controller
  artifactKey: Guid(4b59403e9bf6bd041a1f7fda443b4025) Importer(815301076,1909f56bfc062723c751e8b465ee728b)
Start importing Assets/Animation/Animator/Coach_Customized.controller using Guid(4b59403e9bf6bd041a1f7fda443b4025) Importer(815301076,1909f56bfc062723c751e8b465ee728b)  -> (artifact id: '1499b3594f72866eeb79838e18ec012d') in 0.037118 seconds 
========================================================================
Received Import Request.
  Time since last request: 8.203270 seconds.
  path: Assets/Animation/AnimationClips/Mixamo_Short Step Forward.anim
  artifactKey: Guid(576c81641e715fb4381ec4fa4d51de9c) Importer(815301076,1909f56bfc062723c751e8b465ee728b)
Start importing Assets/Animation/AnimationClips/Mixamo_Short Step Forward.anim using Guid(576c81641e715fb4381ec4fa4d51de9c) Importer(815301076,1909f56bfc062723c751e8b465ee728b)  -> (artifact id: '0bb2bb44c29ccef58c1a947f36ac85b5') in 0.013606 seconds 
========================================================================
Received Prepare
Registering precompiled user dll's ...
Registered in 0.004910 seconds.
Begin MonoManager ReloadAssembly
Symbol file LoadedFromMemory doesn't match image D:\CGVLab(D)\DepthPerceptionTraining\DPTraining\Library\PackageCache\com.unity.visualscripting@1.7.8\Editor\VisualScripting.Core\Dependencies\DotNetZip\Unity.VisualScripting.IonicZip.dll
Symbol file LoadedFromMemory doesn't match image D:\CGVLab(D)\DepthPerceptionTraining\DPTraining\Library\PackageCache\com.unity.visualscripting@1.7.8\Editor\VisualScripting.Core\Dependencies\YamlDotNet\Unity.VisualScripting.YamlDotNet.dll
Native extension for WindowsStandalone target not found
Native extension for Android target not found
Refreshing native plugins compatible for Editor in 1.16 ms, found 9 plugins.
Preloading 1 native plugins for Editor in 0.05 ms.
Mono: successfully reloaded assembly
- Completed reload, in  0.959 seconds
Domain Reload Profiling:
	ReloadAssembly (960ms)
		BeginReloadAssembly (122ms)
			ExecutionOrderSort (0ms)
			DisableScriptedObjects (4ms)
			BackupInstance (0ms)
			ReleaseScriptingObjects (0ms)
			CreateAndSetChildDomain (40ms)
		EndReloadAssembly (753ms)
			LoadAssemblies (80ms)
			RebuildTransferFunctionScriptingTraits (0ms)
			SetupTypeCache (265ms)
			ReleaseScriptCaches (1ms)
			RebuildScriptCaches (49ms)
			SetupLoadedEditorAssemblies (308ms)
				LogAssemblyErrors (0ms)
				InitializePlatformSupportModulesInManaged (18ms)
				SetLoadedEditorAssemblies (0ms)
				RefreshPlugins (1ms)
				BeforeProcessingInitializeOnLoad (63ms)
				ProcessInitializeOnLoadAttributes (187ms)
				ProcessInitializeOnLoadMethodAttributes (32ms)
				AfterProcessingInitializeOnLoad (6ms)
				EditorAssembliesLoaded (0ms)
			ExecutionOrderSort2 (0ms)
			AwakeInstancesAfterBackupRestoration (6ms)
Platform modules already initialized, skipping
Shader 'Oculus/OVRMRCameraFrameLit': fallback shader 'Alpha-Diffuse' not found
Refreshing native plugins compatible for Editor in 4.04 ms, found 9 plugins.
Preloading 1 native plugins for Editor in 0.04 ms.
Unloading 4914 Unused Serialized files (Serialized files now loaded: 0)
Unloading 55 unused Assets / (157.3 KB). Loaded Objects now: 5553.
Memory consumption went from 192.5 MB to 192.3 MB.
Total: 3.692600 ms (FindLiveObjects: 0.329300 ms CreateObjectMapping: 0.214400 ms MarkObjects: 2.994900 ms  DeleteObjects: 0.152800 ms)

AssetImportParameters requested are different than current active one (requested -> active):
  custom:video-decoder-ogg-theora: a1e56fd34408186e4bbccfd4996cb3dc -> 
  custom:container-muxer-webm: aa71ff27fc2769a1b78a27578f13a17b -> 
  custom:container-demuxer-webm: 4f35f7cbe854078d1ac9338744f61a02 -> 
  custom:video-encoder-webm-vp8: eb34c28f22e8b96e1ab97ce403110664 -> 
  custom:video-codec-MediaFoundation-h265: 746d11721c4dcdbdad8f713fa42b33f4 -> 
  custom:audio-encoder-webm-vorbis: bf7c407c2cedff20999df2af8eb42d56 -> 
  custom:framework-win-MediaFoundation: 216162199b28c13a410421893ffa2e32 -> 
  custom:container-demuxer-ogg: 62fdf1f143b41e24485cea50d1cbac27 -> 
  custom:video-decoder-webm-vp8: 9c59270c3fd7afecdb556c50c9e8de78 -> 
  custom:audio-decoder-ogg-vorbis: bf7c407c2cedff20999df2af8eb42d56 -> 
========================================================================
Received Prepare
Registering precompiled user dll's ...
Registered in 0.005713 seconds.
Begin MonoManager ReloadAssembly
Symbol file LoadedFromMemory doesn't match image D:\CGVLab(D)\DepthPerceptionTraining\DPTraining\Library\PackageCache\com.unity.visualscripting@1.7.8\Editor\VisualScripting.Core\Dependencies\DotNetZip\Unity.VisualScripting.IonicZip.dll
Symbol file LoadedFromMemory doesn't match image D:\CGVLab(D)\DepthPerceptionTraining\DPTraining\Library\PackageCache\com.unity.visualscripting@1.7.8\Editor\VisualScripting.Core\Dependencies\YamlDotNet\Unity.VisualScripting.YamlDotNet.dll
Native extension for WindowsStandalone target not found
Native extension for Android target not found
Refreshing native plugins compatible for Editor in 1.06 ms, found 9 plugins.
Preloading 1 native plugins for Editor in 0.07 ms.
Mono: successfully reloaded assembly
- Completed reload, in  0.864 seconds
Domain Reload Profiling:
	ReloadAssembly (865ms)
		BeginReloadAssembly (113ms)
			ExecutionOrderSort (0ms)
			DisableScriptedObjects (4ms)
			BackupInstance (0ms)
			ReleaseScriptingObjects (0ms)
			CreateAndSetChildDomain (31ms)
		EndReloadAssembly (671ms)
			LoadAssemblies (76ms)
			RebuildTransferFunctionScriptingTraits (0ms)
			SetupTypeCache (217ms)
			ReleaseScriptCaches (1ms)
			RebuildScriptCaches (38ms)
			SetupLoadedEditorAssemblies (306ms)
				LogAssemblyErrors (0ms)
				InitializePlatformSupportModulesInManaged (18ms)
				SetLoadedEditorAssemblies (0ms)
				RefreshPlugins (1ms)
				BeforeProcessingInitializeOnLoad (62ms)
				ProcessInitializeOnLoadAttributes (190ms)
				ProcessInitializeOnLoadMethodAttributes (29ms)
				AfterProcessingInitializeOnLoad (6ms)
				EditorAssembliesLoaded (0ms)
			ExecutionOrderSort2 (0ms)
			AwakeInstancesAfterBackupRestoration (5ms)
Platform modules already initialized, skipping
Shader 'Oculus/OVRMRCameraFrameLit': fallback shader 'Alpha-Diffuse' not found
Refreshing native plugins compatible for Editor in 4.40 ms, found 9 plugins.
Preloading 1 native plugins for Editor in 0.03 ms.
Unloading 4914 Unused Serialized files (Serialized files now loaded: 0)
Unloading 55 unused Assets / (157.5 KB). Loaded Objects now: 5557.
Memory consumption went from 192.5 MB to 192.3 MB.
Total: 3.265200 ms (FindLiveObjects: 0.348900 ms CreateObjectMapping: 0.245700 ms MarkObjects: 2.463700 ms  DeleteObjects: 0.205700 ms)

AssetImportParameters requested are different than current active one (requested -> active):
  custom:video-decoder-ogg-theora: a1e56fd34408186e4bbccfd4996cb3dc -> 
  custom:container-muxer-webm: aa71ff27fc2769a1b78a27578f13a17b -> 
  custom:container-demuxer-webm: 4f35f7cbe854078d1ac9338744f61a02 -> 
  custom:video-encoder-webm-vp8: eb34c28f22e8b96e1ab97ce403110664 -> 
  custom:video-codec-MediaFoundation-h265: 746d11721c4dcdbdad8f713fa42b33f4 -> 
  custom:audio-encoder-webm-vorbis: bf7c407c2cedff20999df2af8eb42d56 -> 
  custom:framework-win-MediaFoundation: 216162199b28c13a410421893ffa2e32 -> 
  custom:container-demuxer-ogg: 62fdf1f143b41e24485cea50d1cbac27 -> 
  custom:video-decoder-webm-vp8: 9c59270c3fd7afecdb556c50c9e8de78 -> 
  custom:audio-decoder-ogg-vorbis: bf7c407c2cedff20999df2af8eb42d56 -> 
========================================================================
Received Prepare
Registering precompiled user dll's ...
Registered in 0.005826 seconds.
Begin MonoManager ReloadAssembly
Symbol file LoadedFromMemory doesn't match image D:\CGVLab(D)\DepthPerceptionTraining\DPTraining\Library\PackageCache\com.unity.visualscripting@1.7.8\Editor\VisualScripting.Core\Dependencies\DotNetZip\Unity.VisualScripting.IonicZip.dll
Symbol file LoadedFromMemory doesn't match image D:\CGVLab(D)\DepthPerceptionTraining\DPTraining\Library\PackageCache\com.unity.visualscripting@1.7.8\Editor\VisualScripting.Core\Dependencies\YamlDotNet\Unity.VisualScripting.YamlDotNet.dll
Native extension for WindowsStandalone target not found
Native extension for Android target not found
Refreshing native plugins compatible for Editor in 0.93 ms, found 9 plugins.
Preloading 1 native plugins for Editor in 0.04 ms.
Mono: successfully reloaded assembly
- Completed reload, in  0.840 seconds
Domain Reload Profiling:
	ReloadAssembly (841ms)
		BeginReloadAssembly (105ms)
			ExecutionOrderSort (0ms)
			DisableScriptedObjects (3ms)
			BackupInstance (0ms)
			ReleaseScriptingObjects (0ms)
			CreateAndSetChildDomain (29ms)
		EndReloadAssembly (664ms)
			LoadAssemblies (73ms)
			RebuildTransferFunctionScriptingTraits (0ms)
			SetupTypeCache (222ms)
			ReleaseScriptCaches (2ms)
			RebuildScriptCaches (40ms)
			SetupLoadedEditorAssemblies (290ms)
				LogAssemblyErrors (0ms)
				InitializePlatformSupportModulesInManaged (16ms)
				SetLoadedEditorAssemblies (0ms)
				RefreshPlugins (1ms)
				BeforeProcessingInitializeOnLoad (59ms)
				ProcessInitializeOnLoadAttributes (178ms)
				ProcessInitializeOnLoadMethodAttributes (29ms)
				AfterProcessingInitializeOnLoad (6ms)
				EditorAssembliesLoaded (0ms)
			ExecutionOrderSort2 (0ms)
			AwakeInstancesAfterBackupRestoration (5ms)
Platform modules already initialized, skipping
Shader 'Oculus/OVRMRCameraFrameLit': fallback shader 'Alpha-Diffuse' not found
Refreshing native plugins compatible for Editor in 3.75 ms, found 9 plugins.
Preloading 1 native plugins for Editor in 0.03 ms.
Unloading 4914 Unused Serialized files (Serialized files now loaded: 0)
Unloading 55 unused Assets / (157.4 KB). Loaded Objects now: 5561.
Memory consumption went from 192.5 MB to 192.4 MB.
Total: 2.794500 ms (FindLiveObjects: 0.328400 ms CreateObjectMapping: 0.186000 ms MarkObjects: 2.150400 ms  DeleteObjects: 0.128800 ms)

AssetImportParameters requested are different than current active one (requested -> active):
  custom:video-decoder-ogg-theora: a1e56fd34408186e4bbccfd4996cb3dc -> 
  custom:container-muxer-webm: aa71ff27fc2769a1b78a27578f13a17b -> 
  custom:container-demuxer-webm: 4f35f7cbe854078d1ac9338744f61a02 -> 
  custom:video-encoder-webm-vp8: eb34c28f22e8b96e1ab97ce403110664 -> 
  custom:video-codec-MediaFoundation-h265: 746d11721c4dcdbdad8f713fa42b33f4 -> 
  custom:audio-encoder-webm-vorbis: bf7c407c2cedff20999df2af8eb42d56 -> 
  custom:framework-win-MediaFoundation: 216162199b28c13a410421893ffa2e32 -> 
  custom:container-demuxer-ogg: 62fdf1f143b41e24485cea50d1cbac27 -> 
  custom:video-decoder-webm-vp8: 9c59270c3fd7afecdb556c50c9e8de78 -> 
  custom:audio-decoder-ogg-vorbis: bf7c407c2cedff20999df2af8eb42d56 -> 
========================================================================
Received Prepare
Registering precompiled user dll's ...
Registered in 0.005138 seconds.
Begin MonoManager ReloadAssembly
Symbol file LoadedFromMemory doesn't match image D:\CGVLab(D)\DepthPerceptionTraining\DPTraining\Library\PackageCache\com.unity.visualscripting@1.7.8\Editor\VisualScripting.Core\Dependencies\DotNetZip\Unity.VisualScripting.IonicZip.dll
Symbol file LoadedFromMemory doesn't match image D:\CGVLab(D)\DepthPerceptionTraining\DPTraining\Library\PackageCache\com.unity.visualscripting@1.7.8\Editor\VisualScripting.Core\Dependencies\YamlDotNet\Unity.VisualScripting.YamlDotNet.dll
Native extension for WindowsStandalone target not found
Native extension for Android target not found
Refreshing native plugins compatible for Editor in 0.92 ms, found 9 plugins.
Preloading 1 native plugins for Editor in 0.04 ms.
Mono: successfully reloaded assembly
- Completed reload, in  0.854 seconds
Domain Reload Profiling:
	ReloadAssembly (854ms)
		BeginReloadAssembly (110ms)
			ExecutionOrderSort (0ms)
			DisableScriptedObjects (4ms)
			BackupInstance (0ms)
			ReleaseScriptingObjects (0ms)
			CreateAndSetChildDomain (36ms)
		EndReloadAssembly (669ms)
			LoadAssemblies (73ms)
			RebuildTransferFunctionScriptingTraits (0ms)
			SetupTypeCache (221ms)
			ReleaseScriptCaches (1ms)
			RebuildScriptCaches (36ms)
			SetupLoadedEditorAssemblies (295ms)
				LogAssemblyErrors (0ms)
				InitializePlatformSupportModulesInManaged (20ms)
				SetLoadedEditorAssemblies (0ms)
				RefreshPlugins (1ms)
				BeforeProcessingInitializeOnLoad (57ms)
				ProcessInitializeOnLoadAttributes (181ms)
				ProcessInitializeOnLoadMethodAttributes (29ms)
				AfterProcessingInitializeOnLoad (8ms)
				EditorAssembliesLoaded (0ms)
			ExecutionOrderSort2 (0ms)
			AwakeInstancesAfterBackupRestoration (6ms)
Platform modules already initialized, skipping
Shader 'Oculus/OVRMRCameraFrameLit': fallback shader 'Alpha-Diffuse' not found
Refreshing native plugins compatible for Editor in 3.75 ms, found 9 plugins.
Preloading 1 native plugins for Editor in 0.03 ms.
Unloading 4914 Unused Serialized files (Serialized files now loaded: 0)
Unloading 55 unused Assets / (157.3 KB). Loaded Objects now: 5565.
Memory consumption went from 192.5 MB to 192.4 MB.
Total: 2.883900 ms (FindLiveObjects: 0.323300 ms CreateObjectMapping: 0.190000 ms MarkObjects: 2.238500 ms  DeleteObjects: 0.130900 ms)

AssetImportParameters requested are different than current active one (requested -> active):
  custom:video-decoder-ogg-theora: a1e56fd34408186e4bbccfd4996cb3dc -> 
  custom:container-muxer-webm: aa71ff27fc2769a1b78a27578f13a17b -> 
  custom:container-demuxer-webm: 4f35f7cbe854078d1ac9338744f61a02 -> 
  custom:video-encoder-webm-vp8: eb34c28f22e8b96e1ab97ce403110664 -> 
  custom:video-codec-MediaFoundation-h265: 746d11721c4dcdbdad8f713fa42b33f4 -> 
  custom:audio-encoder-webm-vorbis: bf7c407c2cedff20999df2af8eb42d56 -> 
  custom:framework-win-MediaFoundation: 216162199b28c13a410421893ffa2e32 -> 
  custom:container-demuxer-ogg: 62fdf1f143b41e24485cea50d1cbac27 -> 
  custom:video-decoder-webm-vp8: 9c59270c3fd7afecdb556c50c9e8de78 -> 
  custom:audio-decoder-ogg-vorbis: bf7c407c2cedff20999df2af8eb42d56 -> 
========================================================================
Received Import Request.
  Time since last request: 214.134273 seconds.
  path: Assets/Animation/AnimationClips/WB_Forward.anim
  artifactKey: Guid(b8a580f839d7d4945adef08295c7d221) Importer(815301076,1909f56bfc062723c751e8b465ee728b)
Start importing Assets/Animation/AnimationClips/WB_Forward.anim using Guid(b8a580f839d7d4945adef08295c7d221) Importer(815301076,1909f56bfc062723c751e8b465ee728b)  -> (artifact id: '24ff1146779d1d0c979a0d941c39f5d0') in 0.025683 seconds 
========================================================================
Received Prepare
Registering precompiled user dll's ...
Registered in 0.004946 seconds.
Begin MonoManager ReloadAssembly
Symbol file LoadedFromMemory doesn't match image D:\CGVLab(D)\DepthPerceptionTraining\DPTraining\Library\PackageCache\com.unity.visualscripting@1.7.8\Editor\VisualScripting.Core\Dependencies\DotNetZip\Unity.VisualScripting.IonicZip.dll
Symbol file LoadedFromMemory doesn't match image D:\CGVLab(D)\DepthPerceptionTraining\DPTraining\Library\PackageCache\com.unity.visualscripting@1.7.8\Editor\VisualScripting.Core\Dependencies\YamlDotNet\Unity.VisualScripting.YamlDotNet.dll
Native extension for WindowsStandalone target not found
Native extension for Android target not found
Refreshing native plugins compatible for Editor in 1.02 ms, found 9 plugins.
Preloading 1 native plugins for Editor in 0.05 ms.
Mono: successfully reloaded assembly
- Completed reload, in  0.870 seconds
Domain Reload Profiling:
	ReloadAssembly (871ms)
		BeginReloadAssembly (110ms)
			ExecutionOrderSort (0ms)
			DisableScriptedObjects (3ms)
			BackupInstance (0ms)
			ReleaseScriptingObjects (0ms)
			CreateAndSetChildDomain (39ms)
		EndReloadAssembly (683ms)
			LoadAssemblies (67ms)
			RebuildTransferFunctionScriptingTraits (0ms)
			SetupTypeCache (229ms)
			ReleaseScriptCaches (1ms)
			RebuildScriptCaches (41ms)
			SetupLoadedEditorAssemblies (300ms)
				LogAssemblyErrors (0ms)
				InitializePlatformSupportModulesInManaged (20ms)
				SetLoadedEditorAssemblies (0ms)
				RefreshPlugins (1ms)
				BeforeProcessingInitializeOnLoad (60ms)
				ProcessInitializeOnLoadAttributes (184ms)
				ProcessInitializeOnLoadMethodAttributes (28ms)
				AfterProcessingInitializeOnLoad (6ms)
				EditorAssembliesLoaded (0ms)
			ExecutionOrderSort2 (0ms)
			AwakeInstancesAfterBackupRestoration (5ms)
Platform modules already initialized, skipping
Shader 'Oculus/OVRMRCameraFrameLit': fallback shader 'Alpha-Diffuse' not found
Refreshing native plugins compatible for Editor in 3.72 ms, found 9 plugins.
Preloading 1 native plugins for Editor in 0.03 ms.
Unloading 4914 Unused Serialized files (Serialized files now loaded: 0)
Unloading 55 unused Assets / (157.5 KB). Loaded Objects now: 5569.
Memory consumption went from 192.5 MB to 192.4 MB.
Total: 2.800800 ms (FindLiveObjects: 0.305800 ms CreateObjectMapping: 0.186600 ms MarkObjects: 2.167400 ms  DeleteObjects: 0.140100 ms)

AssetImportParameters requested are different than current active one (requested -> active):
  custom:video-decoder-ogg-theora: a1e56fd34408186e4bbccfd4996cb3dc -> 
  custom:container-muxer-webm: aa71ff27fc2769a1b78a27578f13a17b -> 
  custom:container-demuxer-webm: 4f35f7cbe854078d1ac9338744f61a02 -> 
  custom:video-encoder-webm-vp8: eb34c28f22e8b96e1ab97ce403110664 -> 
  custom:video-codec-MediaFoundation-h265: 746d11721c4dcdbdad8f713fa42b33f4 -> 
  custom:audio-encoder-webm-vorbis: bf7c407c2cedff20999df2af8eb42d56 -> 
  custom:framework-win-MediaFoundation: 216162199b28c13a410421893ffa2e32 -> 
  custom:container-demuxer-ogg: 62fdf1f143b41e24485cea50d1cbac27 -> 
  custom:video-decoder-webm-vp8: 9c59270c3fd7afecdb556c50c9e8de78 -> 
  custom:audio-decoder-ogg-vorbis: bf7c407c2cedff20999df2af8eb42d56 -> 
========================================================================
Received Prepare
Registering precompiled user dll's ...
Registered in 0.005134 seconds.
Begin MonoManager ReloadAssembly
Symbol file LoadedFromMemory doesn't match image D:\CGVLab(D)\DepthPerceptionTraining\DPTraining\Library\PackageCache\com.unity.visualscripting@1.7.8\Editor\VisualScripting.Core\Dependencies\DotNetZip\Unity.VisualScripting.IonicZip.dll
Symbol file LoadedFromMemory doesn't match image D:\CGVLab(D)\DepthPerceptionTraining\DPTraining\Library\PackageCache\com.unity.visualscripting@1.7.8\Editor\VisualScripting.Core\Dependencies\YamlDotNet\Unity.VisualScripting.YamlDotNet.dll
Native extension for WindowsStandalone target not found
Native extension for Android target not found
Refreshing native plugins compatible for Editor in 1.31 ms, found 9 plugins.
Preloading 1 native plugins for Editor in 0.05 ms.
Mono: successfully reloaded assembly
- Completed reload, in  0.865 seconds
Domain Reload Profiling:
	ReloadAssembly (866ms)
		BeginReloadAssembly (113ms)
			ExecutionOrderSort (0ms)
			DisableScriptedObjects (3ms)
			BackupInstance (0ms)
			ReleaseScriptingObjects (0ms)
			CreateAndSetChildDomain (30ms)
		EndReloadAssembly (680ms)
			LoadAssemblies (77ms)
			RebuildTransferFunctionScriptingTraits (0ms)
			SetupTypeCache (235ms)
			ReleaseScriptCaches (2ms)
			RebuildScriptCaches (37ms)
			SetupLoadedEditorAssemblies (296ms)
				LogAssemblyErrors (0ms)
				InitializePlatformSupportModulesInManaged (18ms)
				SetLoadedEditorAssemblies (0ms)
				RefreshPlugins (2ms)
				BeforeProcessingInitializeOnLoad (58ms)
				ProcessInitializeOnLoadAttributes (184ms)
				ProcessInitializeOnLoadMethodAttributes (27ms)
				AfterProcessingInitializeOnLoad (6ms)
				EditorAssembliesLoaded (0ms)
			ExecutionOrderSort2 (0ms)
			AwakeInstancesAfterBackupRestoration (5ms)
Platform modules already initialized, skipping
Shader 'Oculus/OVRMRCameraFrameLit': fallback shader 'Alpha-Diffuse' not found
Refreshing native plugins compatible for Editor in 3.56 ms, found 9 plugins.
Preloading 1 native plugins for Editor in 0.03 ms.
Unloading 4914 Unused Serialized files (Serialized files now loaded: 0)
Unloading 55 unused Assets / (158.1 KB). Loaded Objects now: 5573.
Memory consumption went from 192.6 MB to 192.4 MB.
Total: 3.142400 ms (FindLiveObjects: 0.353700 ms CreateObjectMapping: 0.166500 ms MarkObjects: 2.465200 ms  DeleteObjects: 0.156100 ms)

AssetImportParameters requested are different than current active one (requested -> active):
  custom:video-decoder-ogg-theora: a1e56fd34408186e4bbccfd4996cb3dc -> 
  custom:container-muxer-webm: aa71ff27fc2769a1b78a27578f13a17b -> 
  custom:container-demuxer-webm: 4f35f7cbe854078d1ac9338744f61a02 -> 
  custom:video-encoder-webm-vp8: eb34c28f22e8b96e1ab97ce403110664 -> 
  custom:video-codec-MediaFoundation-h265: 746d11721c4dcdbdad8f713fa42b33f4 -> 
  custom:audio-encoder-webm-vorbis: bf7c407c2cedff20999df2af8eb42d56 -> 
  custom:framework-win-MediaFoundation: 216162199b28c13a410421893ffa2e32 -> 
  custom:container-demuxer-ogg: 62fdf1f143b41e24485cea50d1cbac27 -> 
  custom:video-decoder-webm-vp8: 9c59270c3fd7afecdb556c50c9e8de78 -> 
  custom:audio-decoder-ogg-vorbis: bf7c407c2cedff20999df2af8eb42d56 -> 
========================================================================
Received Prepare
Registering precompiled user dll's ...
Registered in 0.006195 seconds.
Begin MonoManager ReloadAssembly
Symbol file LoadedFromMemory doesn't match image D:\CGVLab(D)\DepthPerceptionTraining\DPTraining\Library\PackageCache\com.unity.visualscripting@1.7.8\Editor\VisualScripting.Core\Dependencies\DotNetZip\Unity.VisualScripting.IonicZip.dll
Symbol file LoadedFromMemory doesn't match image D:\CGVLab(D)\DepthPerceptionTraining\DPTraining\Library\PackageCache\com.unity.visualscripting@1.7.8\Editor\VisualScripting.Core\Dependencies\YamlDotNet\Unity.VisualScripting.YamlDotNet.dll
Native extension for WindowsStandalone target not found
Native extension for Android target not found
Refreshing native plugins compatible for Editor in 0.89 ms, found 9 plugins.
Preloading 1 native plugins for Editor in 0.03 ms.
Mono: successfully reloaded assembly
- Completed reload, in  0.863 seconds
Domain Reload Profiling:
	ReloadAssembly (864ms)
		BeginReloadAssembly (99ms)
			ExecutionOrderSort (0ms)
			DisableScriptedObjects (3ms)
			BackupInstance (0ms)
			ReleaseScriptingObjects (0ms)
			CreateAndSetChildDomain (28ms)
		EndReloadAssembly (693ms)
			LoadAssemblies (63ms)
			RebuildTransferFunctionScriptingTraits (0ms)
			SetupTypeCache (238ms)
			ReleaseScriptCaches (1ms)
			RebuildScriptCaches (40ms)
			SetupLoadedEditorAssemblies (304ms)
				LogAssemblyErrors (0ms)
				InitializePlatformSupportModulesInManaged (17ms)
				SetLoadedEditorAssemblies (0ms)
				RefreshPlugins (1ms)
				BeforeProcessingInitializeOnLoad (61ms)
				ProcessInitializeOnLoadAttributes (189ms)
				ProcessInitializeOnLoadMethodAttributes (30ms)
				AfterProcessingInitializeOnLoad (6ms)
				EditorAssembliesLoaded (0ms)
			ExecutionOrderSort2 (0ms)
			AwakeInstancesAfterBackupRestoration (5ms)
Platform modules already initialized, skipping
Shader 'Oculus/OVRMRCameraFrameLit': fallback shader 'Alpha-Diffuse' not found
Refreshing native plugins compatible for Editor in 3.73 ms, found 9 plugins.
Preloading 1 native plugins for Editor in 0.03 ms.
Unloading 4914 Unused Serialized files (Serialized files now loaded: 0)
Unloading 55 unused Assets / (159.2 KB). Loaded Objects now: 5577.
Memory consumption went from 192.6 MB to 192.4 MB.
Total: 2.821400 ms (FindLiveObjects: 0.350800 ms CreateObjectMapping: 0.211900 ms MarkObjects: 2.099600 ms  DeleteObjects: 0.158300 ms)

AssetImportParameters requested are different than current active one (requested -> active):
  custom:video-decoder-ogg-theora: a1e56fd34408186e4bbccfd4996cb3dc -> 
  custom:container-muxer-webm: aa71ff27fc2769a1b78a27578f13a17b -> 
  custom:container-demuxer-webm: 4f35f7cbe854078d1ac9338744f61a02 -> 
  custom:video-encoder-webm-vp8: eb34c28f22e8b96e1ab97ce403110664 -> 
  custom:video-codec-MediaFoundation-h265: 746d11721c4dcdbdad8f713fa42b33f4 -> 
  custom:audio-encoder-webm-vorbis: bf7c407c2cedff20999df2af8eb42d56 -> 
  custom:framework-win-MediaFoundation: 216162199b28c13a410421893ffa2e32 -> 
  custom:container-demuxer-ogg: 62fdf1f143b41e24485cea50d1cbac27 -> 
  custom:video-decoder-webm-vp8: 9c59270c3fd7afecdb556c50c9e8de78 -> 
  custom:audio-decoder-ogg-vorbis: bf7c407c2cedff20999df2af8eb42d56 -> 
========================================================================
Received Prepare
Registering precompiled user dll's ...
Registered in 0.005907 seconds.
Begin MonoManager ReloadAssembly
Symbol file LoadedFromMemory doesn't match image D:\CGVLab(D)\DepthPerceptionTraining\DPTraining\Library\PackageCache\com.unity.visualscripting@1.7.8\Editor\VisualScripting.Core\Dependencies\DotNetZip\Unity.VisualScripting.IonicZip.dll
Symbol file LoadedFromMemory doesn't match image D:\CGVLab(D)\DepthPerceptionTraining\DPTraining\Library\PackageCache\com.unity.visualscripting@1.7.8\Editor\VisualScripting.Core\Dependencies\YamlDotNet\Unity.VisualScripting.YamlDotNet.dll
Native extension for WindowsStandalone target not found
Native extension for Android target not found
Refreshing native plugins compatible for Editor in 1.12 ms, found 9 plugins.
Preloading 1 native plugins for Editor in 0.04 ms.
Mono: successfully reloaded assembly
- Completed reload, in  0.888 seconds
Domain Reload Profiling:
	ReloadAssembly (889ms)
		BeginReloadAssembly (116ms)
			ExecutionOrderSort (0ms)
			DisableScriptedObjects (4ms)
			BackupInstance (0ms)
			ReleaseScriptingObjects (0ms)
			CreateAndSetChildDomain (32ms)
		EndReloadAssembly (692ms)
			LoadAssemblies (86ms)
			RebuildTransferFunctionScriptingTraits (0ms)
			SetupTypeCache (224ms)
			ReleaseScriptCaches (1ms)
			RebuildScriptCaches (38ms)
			SetupLoadedEditorAssemblies (308ms)
				LogAssemblyErrors (0ms)
				InitializePlatformSupportModulesInManaged (19ms)
				SetLoadedEditorAssemblies (0ms)
				RefreshPlugins (1ms)
				BeforeProcessingInitializeOnLoad (64ms)
				ProcessInitializeOnLoadAttributes (188ms)
				ProcessInitializeOnLoadMethodAttributes (29ms)
				AfterProcessingInitializeOnLoad (6ms)
				EditorAssembliesLoaded (0ms)
			ExecutionOrderSort2 (0ms)
			AwakeInstancesAfterBackupRestoration (5ms)
Platform modules already initialized, skipping
Shader 'Oculus/OVRMRCameraFrameLit': fallback shader 'Alpha-Diffuse' not found
Refreshing native plugins compatible for Editor in 3.76 ms, found 9 plugins.
Preloading 1 native plugins for Editor in 0.03 ms.
Unloading 4914 Unused Serialized files (Serialized files now loaded: 0)
Unloading 55 unused Assets / (159.1 KB). Loaded Objects now: 5581.
Memory consumption went from 192.6 MB to 192.4 MB.
Total: 3.429600 ms (FindLiveObjects: 0.321500 ms CreateObjectMapping: 0.255200 ms MarkObjects: 2.695100 ms  DeleteObjects: 0.156600 ms)

AssetImportParameters requested are different than current active one (requested -> active):
  custom:video-decoder-ogg-theora: a1e56fd34408186e4bbccfd4996cb3dc -> 
  custom:container-muxer-webm: aa71ff27fc2769a1b78a27578f13a17b -> 
  custom:container-demuxer-webm: 4f35f7cbe854078d1ac9338744f61a02 -> 
  custom:video-encoder-webm-vp8: eb34c28f22e8b96e1ab97ce403110664 -> 
  custom:video-codec-MediaFoundation-h265: 746d11721c4dcdbdad8f713fa42b33f4 -> 
  custom:audio-encoder-webm-vorbis: bf7c407c2cedff20999df2af8eb42d56 -> 
  custom:framework-win-MediaFoundation: 216162199b28c13a410421893ffa2e32 -> 
  custom:container-demuxer-ogg: 62fdf1f143b41e24485cea50d1cbac27 -> 
  custom:video-decoder-webm-vp8: 9c59270c3fd7afecdb556c50c9e8de78 -> 
  custom:audio-decoder-ogg-vorbis: bf7c407c2cedff20999df2af8eb42d56 -> 
========================================================================
Received Import Request.
  Time since last request: 2999.476298 seconds.
  path: Assets/VR_Box/Models/Ring.fbx
  artifactKey: Guid(7e01dbb434e4e4f48b13babb15628fe3) Importer(815301076,1909f56bfc062723c751e8b465ee728b)
Start importing Assets/VR_Box/Models/Ring.fbx using Guid(7e01dbb434e4e4f48b13babb15628fe3) Importer(815301076,1909f56bfc062723c751e8b465ee728b)  -> (artifact id: '7ccf3b92dd933d61c114592655a4c6d7') in 0.503069 seconds 
========================================================================
Received Import Request.
  Time since last request: 0.000021 seconds.
  path: Assets/Plugins/RootMotion/Shared Demo Assets/Characters/Viking/Viking Walk.FBX
  artifactKey: Guid(660bab8a5652c42a4afed09026d15984) Importer(815301076,1909f56bfc062723c751e8b465ee728b)
Start importing Assets/Plugins/RootMotion/Shared Demo Assets/Characters/Viking/Viking Walk.FBX using Guid(660bab8a5652c42a4afed09026d15984) Importer(815301076,1909f56bfc062723c751e8b465ee728b)  -> (artifact id: '6d60d87750832a82dc3abb4cc37ad53b') in 0.109537 seconds 
========================================================================
Received Import Request.
  Time since last request: 0.000037 seconds.
  path: Assets/Plugins/RootMotion/FinalIK/_DEMOS/Assets/Car Interior/Car Interior.FBX
  artifactKey: Guid(0ef1e6e7576904674bff2b575b601426) Importer(815301076,1909f56bfc062723c751e8b465ee728b)
Start importing Assets/Plugins/RootMotion/FinalIK/_DEMOS/Assets/Car Interior/Car Interior.FBX using Guid(0ef1e6e7576904674bff2b575b601426) Importer(815301076,1909f56bfc062723c751e8b465ee728b)  -> (artifact id: '0c9c086784f2bccc2f3d523d5f74f931') in 0.088219 seconds 
========================================================================
Received Import Request.
  Time since last request: 0.000022 seconds.
  path: Assets/Oculus/SampleFramework/Usage/SharedAssets/Models/room_01.fbx
  artifactKey: Guid(1f0aadb398be948b6ae5e4016e357e33) Importer(815301076,1909f56bfc062723c751e8b465ee728b)
Start importing Assets/Oculus/SampleFramework/Usage/SharedAssets/Models/room_01.fbx using Guid(1f0aadb398be948b6ae5e4016e357e33) Importer(815301076,1909f56bfc062723c751e8b465ee728b)  -> (artifact id: '88fc0d0a1c595b1eb655c6f81826b6f4') in 0.528158 seconds 
========================================================================
Received Import Request.
  Time since last request: 2.689853 seconds.
  path: Assets/Plugins/RootMotion/Shared Demo Assets/Prototyping/Materials/Laser.mat
  artifactKey: Guid(440d6a9870aca7b4d94eebb649da8773) Importer(815301076,1909f56bfc062723c751e8b465ee728b)
Start importing Assets/Plugins/RootMotion/Shared Demo Assets/Prototyping/Materials/Laser.mat using Guid(440d6a9870aca7b4d94eebb649da8773) Importer(815301076,1909f56bfc062723c751e8b465ee728b)  -> (artifact id: '6ed510b1efd6a74a0ccfe430798b71d5') in 0.116466 seconds 
========================================================================
Received Import Request.
  Time since last request: 0.000023 seconds.
  path: Assets/Noitom/NeuronMocapExamples/PNSGlovesMocap/Materials/M_Body_Dark.mat
  artifactKey: Guid(62a8a4c676d775a4da55f15032914c03) Importer(815301076,1909f56bfc062723c751e8b465ee728b)
Start importing Assets/Noitom/NeuronMocapExamples/PNSGlovesMocap/Materials/M_Body_Dark.mat using Guid(62a8a4c676d775a4da55f15032914c03) Importer(815301076,1909f56bfc062723c751e8b465ee728b)  -> (artifact id: '93ce28f2f247a002e2c42c2e7291af57') in 0.025982 seconds 
========================================================================
Received Import Request.
  Time since last request: 0.000034 seconds.
  path: Assets/Noitom/NeuronMocapExamples/PNSGlovesMocap/Materials/M_Light.mat
  artifactKey: Guid(d025033216a0fd044b79239a32754519) Importer(815301076,1909f56bfc062723c751e8b465ee728b)
Start importing Assets/Noitom/NeuronMocapExamples/PNSGlovesMocap/Materials/M_Light.mat using Guid(d025033216a0fd044b79239a32754519) Importer(815301076,1909f56bfc062723c751e8b465ee728b)  -> (artifact id: '15817ac0820d0523ccd47f1fecc73b70') in 0.022897 seconds 
========================================================================
Received Import Request.
  Time since last request: 0.000020 seconds.
  path: Assets/Noitom/NeuronMocapExamples/PNSGlovesMocap/Materials/M_FaceMask.mat
  artifactKey: Guid(8474b55f6951dae4ba0d8a51ca046c15) Importer(815301076,1909f56bfc062723c751e8b465ee728b)
Start importing Assets/Noitom/NeuronMocapExamples/PNSGlovesMocap/Materials/M_FaceMask.mat using Guid(8474b55f6951dae4ba0d8a51ca046c15) Importer(815301076,1909f56bfc062723c751e8b465ee728b)  -> (artifact id: 'bcdf8aafde75c984159c966f585a9d05') in 0.044104 seconds 
========================================================================
Received Import Request.
  Time since last request: 0.000024 seconds.
  path: Assets/Noitom/Resources/Models/Materials/M_Body.mat
  artifactKey: Guid(378551c8a15cb3a499878e09d9af1418) Importer(815301076,1909f56bfc062723c751e8b465ee728b)
Start importing Assets/Noitom/Resources/Models/Materials/M_Body.mat using Guid(378551c8a15cb3a499878e09d9af1418) Importer(815301076,1909f56bfc062723c751e8b465ee728b)  -> (artifact id: '1f1dd852d715cd3f67a5512b4e765f5f') in 0.012224 seconds 
========================================================================
Received Import Request.
  Time since last request: 0.000044 seconds.
  path: Assets/Plugins/RootMotion/Shared Demo Assets/Props/M4/Materials/M4.mat
  artifactKey: Guid(77e89506ce5a642a19e38f3580d9be66) Importer(815301076,1909f56bfc062723c751e8b465ee728b)
Start importing Assets/Plugins/RootMotion/Shared Demo Assets/Props/M4/Materials/M4.mat using Guid(77e89506ce5a642a19e38f3580d9be66) Importer(815301076,1909f56bfc062723c751e8b465ee728b)  -> (artifact id: '59b46113e1fee62b0aeab4d5f9e4c5f6') in 0.096970 seconds 
========================================================================
Received Import Request.
  Time since last request: 0.000019 seconds.
  path: Assets/Noitom/Resources/Models/Materials/M_FaceMask.mat
  artifactKey: Guid(2eb59ff978c3c1c47ae0c5ca0bf08011) Importer(815301076,1909f56bfc062723c751e8b465ee728b)
Start importing Assets/Noitom/Resources/Models/Materials/M_FaceMask.mat using Guid(2eb59ff978c3c1c47ae0c5ca0bf08011) Importer(815301076,1909f56bfc062723c751e8b465ee728b)  -> (artifact id: 'b82141d681d284d070b81b299e4c6fc4') in 0.009619 seconds 
========================================================================
Received Import Request.
  Time since last request: 0.000030 seconds.
  path: Assets/Noitom/Resources/Models/Materials/M_Light.mat
  artifactKey: Guid(242ef9d7ade23a94996a4031ae0f6ee3) Importer(815301076,1909f56bfc062723c751e8b465ee728b)
Start importing Assets/Noitom/Resources/Models/Materials/M_Light.mat using Guid(242ef9d7ade23a94996a4031ae0f6ee3) Importer(815301076,1909f56bfc062723c751e8b465ee728b)  -> (artifact id: '9737b7ef69c7bfdecf90fea478e86bf1') in 0.011454 seconds 
========================================================================
Received Import Request.
  Time since last request: 0.000023 seconds.
  path: Assets/Noitom/Resources/Materials/M_Body_Dark.mat
  artifactKey: Guid(385b6e1985006d946b8cf696fe6a9565) Importer(815301076,1909f56bfc062723c751e8b465ee728b)
Start importing Assets/Noitom/Resources/Materials/M_Body_Dark.mat using Guid(385b6e1985006d946b8cf696fe6a9565) Importer(815301076,1909f56bfc062723c751e8b465ee728b)  -> (artifact id: 'ffd32ba62f3200c951cb7fbb2b111da8') in 0.019230 seconds 
Editor requested this worker to shutdown with reason: Scaling down because of idle timeout
AssetImportWorker is now disconnected from the server
Process exiting
Exiting without the bug reporter. Application will terminate with return code 0