Using pre-set license
Built from '2021.3/staging' branch; Version is '2021.3.6f1 (7da38d85baf6) revision 8233869'; Using compiler version '192829333'; Build Type 'Release'
OS: 'Windows 11  (10.0.22621) 64bit Core' Language: 'en' Physical Memory: 32645 MB
BatchMode: 1, IsHumanControllingUs: 0, StartBugReporterOnCrash: 0, Is64bit: 1, IsPro: 1

COMMAND LINE ARGUMENTS:
C:\Program Files\Unity\Hub\Editor\2021.3.6f1\Editor\Unity.exe
-adb2
-batchMode
-noUpm
-name
AssetImportWorker2
-projectPath
D:/CGVLab(D)/DepthPerceptionTraining/DPTraining
-logFile
Logs/AssetImportWorker2.log
-srvPort
63501
Successfully changed project path to: D:/CGVLab(D)/DepthPerceptionTraining/DPTraining
D:/CGVLab(D)/DepthPerceptionTraining/DPTraining
[UnityMemory] Configuration Parameters - Can be set up in boot.config
    "memorysetup-bucket-allocator-granularity=16"
    "memorysetup-bucket-allocator-bucket-count=8"
    "memorysetup-bucket-allocator-block-size=33554432"
    "memorysetup-bucket-allocator-block-count=8"
    "memorysetup-main-allocator-block-size=16777216"
    "memorysetup-thread-allocator-block-size=16777216"
    "memorysetup-gfx-main-allocator-block-size=16777216"
    "memorysetup-gfx-thread-allocator-block-size=16777216"
    "memorysetup-cache-allocator-block-size=4194304"
    "memorysetup-typetree-allocator-block-size=2097152"
    "memorysetup-profiler-bucket-allocator-granularity=16"
    "memorysetup-profiler-bucket-allocator-bucket-count=8"
    "memorysetup-profiler-bucket-allocator-block-size=33554432"
    "memorysetup-profiler-bucket-allocator-block-count=8"
    "memorysetup-profiler-allocator-block-size=16777216"
    "memorysetup-profiler-editor-allocator-block-size=1048576"
    "memorysetup-temp-allocator-size-main=16777216"
    "memorysetup-job-temp-allocator-block-size=2097152"
    "memorysetup-job-temp-allocator-block-size-background=1048576"
    "memorysetup-job-temp-allocator-reduction-small-platforms=262144"
    "memorysetup-temp-allocator-size-background-worker=32768"
    "memorysetup-temp-allocator-size-job-worker=262144"
    "memorysetup-temp-allocator-size-preload-manager=33554432"
    "memorysetup-temp-allocator-size-nav-mesh-worker=65536"
    "memorysetup-temp-allocator-size-audio-worker=65536"
    "memorysetup-temp-allocator-size-cloud-worker=32768"
    "memorysetup-temp-allocator-size-gi-baking-worker=262144"
    "memorysetup-temp-allocator-size-gfx=262144"
Refreshing native plugins compatible for Editor in 130.67 ms, found 9 plugins.
Preloading 1 native plugins for Editor in 0.56 ms.
Initialize engine version: 2021.3.6f1 (7da38d85baf6)
[Subsystems] Discovering subsystems at path C:/Program Files/Unity/Hub/Editor/2021.3.6f1/Editor/Data/Resources/UnitySubsystems
[Subsystems] Discovering subsystems at path D:/CGVLab(D)/DepthPerceptionTraining/DPTraining/Assets
GfxDevice: creating device client; threaded=0; jobified=0
Direct3D:
    Version:  Direct3D 11.0 [level 11.1]
    Renderer: NVIDIA GeForce RTX 3060 (ID=0x2504)
    Vendor:   NVIDIA
    VRAM:     12129 MB
    Driver:   31.0.15.2849
Shader 'Oculus/OVRMRCameraFrameLit': fallback shader 'Alpha-Diffuse' not found
Initialize mono
Mono path[0] = 'C:/Program Files/Unity/Hub/Editor/2021.3.6f1/Editor/Data/Managed'
Mono path[1] = 'C:/Program Files/Unity/Hub/Editor/2021.3.6f1/Editor/Data/MonoBleedingEdge/lib/mono/unityjit-win32'
Mono config path = 'C:/Program Files/Unity/Hub/Editor/2021.3.6f1/Editor/Data/MonoBleedingEdge/etc'
Using monoOptions --debugger-agent=transport=dt_socket,embedding=1,server=y,suspend=n,address=127.0.0.1:56524
Begin MonoManager ReloadAssembly
Registering precompiled unity dll's ...
Register platform support module: C:/Program Files/Unity/Hub/Editor/2021.3.6f1/Editor/Data/PlaybackEngines/AndroidPlayer/UnityEditor.Android.Extensions.dll
Register platform support module: C:/Program Files/Unity/Hub/Editor/2021.3.6f1/Editor/Data/PlaybackEngines/WindowsStandaloneSupport/UnityEditor.WindowsStandalone.Extensions.dll
Registered in 0.005922 seconds.
Native extension for WindowsStandalone target not found
Native extension for Android target not found
Refreshing native plugins compatible for Editor in 96.08 ms, found 9 plugins.
Preloading 1 native plugins for Editor in 0.03 ms.
Mono: successfully reloaded assembly
- Completed reload, in  0.557 seconds
Domain Reload Profiling:
	ReloadAssembly (558ms)
		BeginReloadAssembly (71ms)
			ExecutionOrderSort (0ms)
			DisableScriptedObjects (0ms)
			BackupInstance (0ms)
			ReleaseScriptingObjects (0ms)
			CreateAndSetChildDomain (1ms)
		EndReloadAssembly (394ms)
			LoadAssemblies (69ms)
			RebuildTransferFunctionScriptingTraits (0ms)
			SetupTypeCache (86ms)
			ReleaseScriptCaches (0ms)
			RebuildScriptCaches (21ms)
			SetupLoadedEditorAssemblies (245ms)
				LogAssemblyErrors (0ms)
				InitializePlatformSupportModulesInManaged (41ms)
				SetLoadedEditorAssemblies (0ms)
				RefreshPlugins (96ms)
				BeforeProcessingInitializeOnLoad (1ms)
				ProcessInitializeOnLoadAttributes (75ms)
				ProcessInitializeOnLoadMethodAttributes (32ms)
				AfterProcessingInitializeOnLoad (0ms)
				EditorAssembliesLoaded (0ms)
			ExecutionOrderSort2 (0ms)
			AwakeInstancesAfterBackupRestoration (0ms)
Platform modules already initialized, skipping
Registering precompiled user dll's ...
Registered in 0.007491 seconds.
Android Extension - Scanning For ADB Devices 726 ms
Begin MonoManager ReloadAssembly
Symbol file LoadedFromMemory doesn't match image D:\CGVLab(D)\DepthPerceptionTraining\DPTraining\Library\PackageCache\com.unity.visualscripting@1.7.8\Editor\VisualScripting.Core\Dependencies\DotNetZip\Unity.VisualScripting.IonicZip.dll
Symbol file LoadedFromMemory doesn't match image D:\CGVLab(D)\DepthPerceptionTraining\DPTraining\Library\PackageCache\com.unity.visualscripting@1.7.8\Editor\VisualScripting.Core\Dependencies\YamlDotNet\Unity.VisualScripting.YamlDotNet.dll
Native extension for WindowsStandalone target not found
Native extension for Android target not found
Refreshing native plugins compatible for Editor in 0.87 ms, found 9 plugins.
Preloading 1 native plugins for Editor in 0.03 ms.
Package Manager log level set to [2]
[XR] OculusXRPlugin: registering subsystems
[XR] Unable to register display lifecyle provider: [1]
[XR] Oculus Input lifecycle provider registered.
[XR] Unable to register input lifecyle provider: [1]
[XR] OVRP version 1.74.0
Mono: successfully reloaded assembly
- Completed reload, in  0.969 seconds
Domain Reload Profiling:
	ReloadAssembly (970ms)
		BeginReloadAssembly (88ms)
			ExecutionOrderSort (0ms)
			DisableScriptedObjects (4ms)
			BackupInstance (0ms)
			ReleaseScriptingObjects (0ms)
			CreateAndSetChildDomain (15ms)
		EndReloadAssembly (789ms)
			LoadAssemblies (80ms)
			RebuildTransferFunctionScriptingTraits (0ms)
			SetupTypeCache (261ms)
			ReleaseScriptCaches (1ms)
			RebuildScriptCaches (65ms)
			SetupLoadedEditorAssemblies (348ms)
				LogAssemblyErrors (0ms)
				InitializePlatformSupportModulesInManaged (10ms)
				SetLoadedEditorAssemblies (0ms)
				RefreshPlugins (1ms)
				BeforeProcessingInitializeOnLoad (85ms)
				ProcessInitializeOnLoadAttributes (217ms)
				ProcessInitializeOnLoadMethodAttributes (28ms)
				AfterProcessingInitializeOnLoad (6ms)
				EditorAssembliesLoaded (0ms)
			ExecutionOrderSort2 (0ms)
			AwakeInstancesAfterBackupRestoration (5ms)
Platform modules already initialized, skipping
========================================================================
Worker process is ready to serve import requests
Shader 'Oculus/OVRMRCameraFrameLit': fallback shader 'Alpha-Diffuse' not found
Launched and connected shader compiler UnityShaderCompiler.exe after 0.05 seconds
Refreshing native plugins compatible for Editor in 0.89 ms, found 9 plugins.
Preloading 1 native plugins for Editor in 0.03 ms.
Unloading 4987 Unused Serialized files (Serialized files now loaded: 0)
Unloading 63 unused Assets / (189.2 KB). Loaded Objects now: 5451.
Memory consumption went from 183.2 MB to 183.0 MB.
Total: 3.086300 ms (FindLiveObjects: 0.291400 ms CreateObjectMapping: 0.195400 ms MarkObjects: 2.437900 ms  DeleteObjects: 0.160000 ms)

AssetImportParameters requested are different than current active one (requested -> active):
  custom:video-decoder-ogg-theora: a1e56fd34408186e4bbccfd4996cb3dc -> 
  custom:container-muxer-webm: aa71ff27fc2769a1b78a27578f13a17b -> 
  custom:container-demuxer-webm: 4f35f7cbe854078d1ac9338744f61a02 -> 
  custom:video-encoder-webm-vp8: eb34c28f22e8b96e1ab97ce403110664 -> 
  custom:video-codec-MediaFoundation-h265: 746d11721c4dcdbdad8f713fa42b33f4 -> 
  custom:audio-encoder-webm-vorbis: bf7c407c2cedff20999df2af8eb42d56 -> 
  custom:framework-win-MediaFoundation: 216162199b28c13a410421893ffa2e32 -> 
  custom:container-demuxer-ogg: 62fdf1f143b41e24485cea50d1cbac27 -> 
  custom:video-decoder-webm-vp8: 9c59270c3fd7afecdb556c50c9e8de78 -> 
  custom:audio-decoder-ogg-vorbis: bf7c407c2cedff20999df2af8eb42d56 -> 
========================================================================
Received Import Request.
  Time since last request: 38200.335511 seconds.
  path: Assets/Noitom/AliceMocapExamples/AliceHybridMocap/Models/ChairTall.fbx
  artifactKey: Guid(9e2feb2297c80304c94742d11e2671b7) Importer(815301076,1909f56bfc062723c751e8b465ee728b)
Start importing Assets/Noitom/AliceMocapExamples/AliceHybridMocap/Models/ChairTall.fbx using Guid(9e2feb2297c80304c94742d11e2671b7) Importer(815301076,1909f56bfc062723c751e8b465ee728b)  -> (artifact id: '4423699e1b2f7973ad2cd6bd3e18fea0') in 0.158277 seconds 
========================================================================
Received Import Request.
  Time since last request: 0.000043 seconds.
  path: Assets/Oculus/SampleFramework/Core/CustomHands/Models/l_hand_skeletal_lowres.fbx
  artifactKey: Guid(ca20b3907ff1c794cb89c1ad2cce8282) Importer(815301076,1909f56bfc062723c751e8b465ee728b)
Start importing Assets/Oculus/SampleFramework/Core/CustomHands/Models/l_hand_skeletal_lowres.fbx using Guid(ca20b3907ff1c794cb89c1ad2cce8282) Importer(815301076,1909f56bfc062723c751e8b465ee728b)  -> (artifact id: '1aed96a829a34534992f22c19cc39436') in 0.078269 seconds 
========================================================================
Received Import Request.
  Time since last request: 0.000036 seconds.
  path: Assets/Plugins/RootMotion/FinalIK/_DEMOS/Assets/Mech Spider/MechSpider.FBX
  artifactKey: Guid(82208e5c7c5f0435f95611cf7eb61237) Importer(815301076,1909f56bfc062723c751e8b465ee728b)
Start importing Assets/Plugins/RootMotion/FinalIK/_DEMOS/Assets/Mech Spider/MechSpider.FBX using Guid(82208e5c7c5f0435f95611cf7eb61237) Importer(815301076,1909f56bfc062723c751e8b465ee728b)  -> (artifact id: '9efe5907d19895a0ce828f533852a63c') in 0.215801 seconds 
========================================================================
Received Import Request.
  Time since last request: 6.364316 seconds.
  path: Assets/Mixamo/PN_Stickman@Step Backward.fbx
  artifactKey: Guid(1bc875c50815d814c84117d946f6b02e) Importer(815301076,1909f56bfc062723c751e8b465ee728b)
Start importing Assets/Mixamo/PN_Stickman@Step Backward.fbx using Guid(1bc875c50815d814c84117d946f6b02e) Importer(815301076,1909f56bfc062723c751e8b465ee728b)  -> (artifact id: 'b53345d10486c5338e9a4e7871ca913b') in 0.458121 seconds 
========================================================================
Received Import Request.
  Time since last request: 136.661678 seconds.
  path: Assets/Plugins/RootMotion/Shared Demo Assets/Humanoid Animations/Mid Air 2.fbx
  artifactKey: Guid(f7b6954ec8fb0de4cbe60b244d54f758) Importer(815301076,1909f56bfc062723c751e8b465ee728b)
Start importing Assets/Plugins/RootMotion/Shared Demo Assets/Humanoid Animations/Mid Air 2.fbx using Guid(f7b6954ec8fb0de4cbe60b244d54f758) Importer(815301076,1909f56bfc062723c751e8b465ee728b)  -> (artifact id: '799d41f7f0d4ae50367108b5a95ebe6d') in 0.305839 seconds 
========================================================================
Received Import Request.
  Time since last request: 0.000035 seconds.
  path: Assets/VR_Box/Models/Cloth.fbx
  artifactKey: Guid(e91067873cb73064e987f11117be8f4f) Importer(815301076,1909f56bfc062723c751e8b465ee728b)
Start importing Assets/VR_Box/Models/Cloth.fbx using Guid(e91067873cb73064e987f11117be8f4f) Importer(815301076,1909f56bfc062723c751e8b465ee728b)  -> (artifact id: '2b1626e962bbcd5e2a8f57f0b146c2dc') in 0.162488 seconds 
========================================================================
Received Import Request.
  Time since last request: 2.324087 seconds.
  path: Assets/Oculus/SampleFramework/Usage/SharedAssets/Models/door_01.fbx
  artifactKey: Guid(1abf38d82ed5948a6a28aad10d61b678) Importer(815301076,1909f56bfc062723c751e8b465ee728b)
Start importing Assets/Oculus/SampleFramework/Usage/SharedAssets/Models/door_01.fbx using Guid(1abf38d82ed5948a6a28aad10d61b678) Importer(815301076,1909f56bfc062723c751e8b465ee728b)  -> (artifact id: '95a43fdaccda43f7d06592525f660c2d') in 0.094053 seconds 
========================================================================
Received Import Request.
  Time since last request: 0.590678 seconds.
  path: Assets/Plugins/RootMotion/Shared Demo Assets/Characters/Dummy/Dummy.FBX
  artifactKey: Guid(959d14bf134f54a6e993fe6ca6e063c0) Importer(815301076,1909f56bfc062723c751e8b465ee728b)
Start importing Assets/Plugins/RootMotion/Shared Demo Assets/Characters/Dummy/Dummy.FBX using Guid(959d14bf134f54a6e993fe6ca6e063c0) Importer(815301076,1909f56bfc062723c751e8b465ee728b)  -> (artifact id: '80e834c915b32845078460042cb04f79') in 0.036964 seconds 
========================================================================
Received Import Request.
  Time since last request: 0.000021 seconds.
  path: Assets/Plugins/RootMotion/Shared Demo Assets/Props/MP-40/MP-40.FBX
  artifactKey: Guid(7a30e2e74b2c24169a1b8eb71cf56878) Importer(815301076,1909f56bfc062723c751e8b465ee728b)
Start importing Assets/Plugins/RootMotion/Shared Demo Assets/Props/MP-40/MP-40.FBX using Guid(7a30e2e74b2c24169a1b8eb71cf56878) Importer(815301076,1909f56bfc062723c751e8b465ee728b)  -> (artifact id: '20a41082e547a8c5c1f7472d8b3ffac1') in 0.020689 seconds 
========================================================================
Received Import Request.
  Time since last request: 0.721852 seconds.
  path: Assets/Oculus/SampleFramework/Usage/Locomotion/Models/GroundSection01.fbx
  artifactKey: Guid(3b3b1c9d534014038a8a08e1d286b9f4) Importer(815301076,1909f56bfc062723c751e8b465ee728b)
Start importing Assets/Oculus/SampleFramework/Usage/Locomotion/Models/GroundSection01.fbx using Guid(3b3b1c9d534014038a8a08e1d286b9f4) Importer(815301076,1909f56bfc062723c751e8b465ee728b)  -> (artifact id: '27574a03e1db2d791786f7cfd9f9e08d') in 0.667823 seconds 
========================================================================
Received Import Request.
  Time since last request: 0.000022 seconds.
  path: Assets/Oculus/Interaction/Samples/Objects/Props/ChessPiece/Models/simpleGrabKnight.fbx
  artifactKey: Guid(c55aaa44df61b8942a6d1c8d53612600) Importer(815301076,1909f56bfc062723c751e8b465ee728b)
Start importing Assets/Oculus/Interaction/Samples/Objects/Props/ChessPiece/Models/simpleGrabKnight.fbx using Guid(c55aaa44df61b8942a6d1c8d53612600) Importer(815301076,1909f56bfc062723c751e8b465ee728b)  -> (artifact id: 'ccabf148ee9833605e0bab534521e761') in 0.106563 seconds 
========================================================================
Received Import Request.
  Time since last request: 0.000035 seconds.
  path: Assets/Oculus/Interaction/Samples/Objects/Props/Key/Models/keyMesh.fbx
  artifactKey: Guid(e405223c5441ab54984c172e35b1b32f) Importer(815301076,1909f56bfc062723c751e8b465ee728b)
Start importing Assets/Oculus/Interaction/Samples/Objects/Props/Key/Models/keyMesh.fbx using Guid(e405223c5441ab54984c172e35b1b32f) Importer(815301076,1909f56bfc062723c751e8b465ee728b)  -> (artifact id: 'd3e2b0304dc44bdf4b21e9b4d9534e3e') in 0.027092 seconds 
========================================================================
Received Import Request.
  Time since last request: 0.000021 seconds.
  path: Assets/Oculus/Interaction/Samples/Objects/Props/ChessPiece/Models/simpleGrabKnightConvexHulls.fbx
  artifactKey: Guid(6626c40df85db304a9ab41baa2178c45) Importer(815301076,1909f56bfc062723c751e8b465ee728b)
Start importing Assets/Oculus/Interaction/Samples/Objects/Props/ChessPiece/Models/simpleGrabKnightConvexHulls.fbx using Guid(6626c40df85db304a9ab41baa2178c45) Importer(815301076,1909f56bfc062723c751e8b465ee728b)  -> (artifact id: '01cbcef870ba264e949bafcbd272cfb5') in 0.057368 seconds 
========================================================================
Received Import Request.
  Time since last request: 0.000020 seconds.
  path: Assets/Oculus/VR/Meshes/OculusTouchForQuestAndRiftS/OculusTouchForQuestAndRiftS_Left.fbx
  artifactKey: Guid(32fbc8bcebb64584da5868aeeb086cda) Importer(815301076,1909f56bfc062723c751e8b465ee728b)
Start importing Assets/Oculus/VR/Meshes/OculusTouchForQuestAndRiftS/OculusTouchForQuestAndRiftS_Left.fbx using Guid(32fbc8bcebb64584da5868aeeb086cda) Importer(815301076,1909f56bfc062723c751e8b465ee728b)  -> (artifact id: '408bec33ee6d4e5e3d9312733f8ef89d') in 0.060573 seconds 
========================================================================
Received Import Request.
  Time since last request: 0.000029 seconds.
  path: Assets/VR_Box/Models/Holder_Bag_02.fbx
  artifactKey: Guid(aa79555bb1d9a1f4f8bea9c8d161f79c) Importer(815301076,1909f56bfc062723c751e8b465ee728b)
Start importing Assets/VR_Box/Models/Holder_Bag_02.fbx using Guid(aa79555bb1d9a1f4f8bea9c8d161f79c) Importer(815301076,1909f56bfc062723c751e8b465ee728b)  -> (artifact id: '984393737b041e6856bdedc144304585') in 0.355543 seconds 
========================================================================
Received Import Request.
  Time since last request: 0.000027 seconds.
  path: Assets/VR_Box/Models/Holder_Bag.fbx
  artifactKey: Guid(4b5077be2e447c8409e9dce739d2f5fc) Importer(815301076,1909f56bfc062723c751e8b465ee728b)
Start importing Assets/VR_Box/Models/Holder_Bag.fbx using Guid(4b5077be2e447c8409e9dce739d2f5fc) Importer(815301076,1909f56bfc062723c751e8b465ee728b)  -> (artifact id: 'd1051c3ccb94250eb853c40bf07e10e1') in 0.318284 seconds 
========================================================================
Received Import Request.
  Time since last request: 1.029642 seconds.
  path: Assets/Oculus/VR/Meshes/OculusTouchForQuest2/OculusTouchForQuest2_Left.fbx
  artifactKey: Guid(8b83018900d13bb4f8e0ad895cb004e5) Importer(815301076,1909f56bfc062723c751e8b465ee728b)
Start importing Assets/Oculus/VR/Meshes/OculusTouchForQuest2/OculusTouchForQuest2_Left.fbx using Guid(8b83018900d13bb4f8e0ad895cb004e5) Importer(815301076,1909f56bfc062723c751e8b465ee728b)  -> (artifact id: '0dd88c881cd53da7533cbf95e9af61d8') in 0.063756 seconds 
========================================================================
Received Import Request.
  Time since last request: 0.790834 seconds.
  path: Assets/VR_Box/Models/Ladder.fbx
  artifactKey: Guid(3265d5308f637bd43b2e8835d01d1192) Importer(815301076,1909f56bfc062723c751e8b465ee728b)
Start importing Assets/VR_Box/Models/Ladder.fbx using Guid(3265d5308f637bd43b2e8835d01d1192) Importer(815301076,1909f56bfc062723c751e8b465ee728b)  -> (artifact id: '3aea042238c8fadb1334a9048c344618') in 0.477199 seconds 
========================================================================
Received Import Request.
  Time since last request: 0.425437 seconds.
  path: Assets/VR_Box/Models/Luminaire.fbx
  artifactKey: Guid(23c3cf0ecc68807428e773045d6e7a79) Importer(815301076,1909f56bfc062723c751e8b465ee728b)
Start importing Assets/VR_Box/Models/Luminaire.fbx using Guid(23c3cf0ecc68807428e773045d6e7a79) Importer(815301076,1909f56bfc062723c751e8b465ee728b)  -> (artifact id: 'beac85093a4336ed5a45354e272379fd') in 0.256654 seconds 
========================================================================
Received Import Request.
  Time since last request: 0.000047 seconds.
  path: Assets/Plugins/RootMotion/Shared Demo Assets/Characters/Angry Bots Generic/Mech Bot Walk Forward.FBX
  artifactKey: Guid(d64509b2dde084cefa0b990dab96e526) Importer(815301076,1909f56bfc062723c751e8b465ee728b)
Start importing Assets/Plugins/RootMotion/Shared Demo Assets/Characters/Angry Bots Generic/Mech Bot Walk Forward.FBX using Guid(d64509b2dde084cefa0b990dab96e526) Importer(815301076,1909f56bfc062723c751e8b465ee728b)  -> (artifact id: '4713a3569652ee9f4fa12199230850a3') in 0.085661 seconds 
========================================================================
Received Import Request.
  Time since last request: 0.380638 seconds.
  path: Assets/Plugins/RootMotion/Shared Demo Assets/Characters/Angry Bots Generic/Mine Bot Idle.FBX
  artifactKey: Guid(f2093db62046d4e2ba144bcf7d750db7) Importer(815301076,1909f56bfc062723c751e8b465ee728b)
Start importing Assets/Plugins/RootMotion/Shared Demo Assets/Characters/Angry Bots Generic/Mine Bot Idle.FBX using Guid(f2093db62046d4e2ba144bcf7d750db7) Importer(815301076,1909f56bfc062723c751e8b465ee728b)  -> (artifact id: '9b289d7cd462f7cf7d5609822d5ec11c') in 0.067933 seconds 
========================================================================
Received Import Request.
  Time since last request: 1.953797 seconds.
  path: Assets/Oculus/Interaction/Samples/Objects/Props/Plants/PlantPot.fbx
  artifactKey: Guid(d0f45444748dcb0418ff17d5403ce07c) Importer(815301076,1909f56bfc062723c751e8b465ee728b)
Start importing Assets/Oculus/Interaction/Samples/Objects/Props/Plants/PlantPot.fbx using Guid(d0f45444748dcb0418ff17d5403ce07c) Importer(815301076,1909f56bfc062723c751e8b465ee728b)  -> (artifact id: 'b8057696e93e7b8510004b72c968aa0f') in 0.189924 seconds 
========================================================================
Received Import Request.
  Time since last request: 2.174819 seconds.
  path: Assets/Oculus/VR/Meshes/OculusTouchForRift/right_touch_controller_model_skel.fbx
  artifactKey: Guid(c3798d66af7bbe54bbfe22a3b302300b) Importer(815301076,1909f56bfc062723c751e8b465ee728b)
Start importing Assets/Oculus/VR/Meshes/OculusTouchForRift/right_touch_controller_model_skel.fbx using Guid(c3798d66af7bbe54bbfe22a3b302300b) Importer(815301076,1909f56bfc062723c751e8b465ee728b)  -> (artifact id: 'd21fe11144ebced6b65908d4f43e4b33') in 0.050278 seconds 
========================================================================
Received Import Request.
  Time since last request: 0.000019 seconds.
  path: Assets/Oculus/SampleFramework/Usage/SharedAssets/Models/room_01.fbx
  artifactKey: Guid(1f0aadb398be948b6ae5e4016e357e33) Importer(815301076,1909f56bfc062723c751e8b465ee728b)
Start importing Assets/Oculus/SampleFramework/Usage/SharedAssets/Models/room_01.fbx using Guid(1f0aadb398be948b6ae5e4016e357e33) Importer(815301076,1909f56bfc062723c751e8b465ee728b)  -> (artifact id: '88fc0d0a1c595b1eb655c6f81826b6f4') in 0.711929 seconds 
========================================================================
Received Import Request.
  Time since last request: 0.448698 seconds.
  path: Assets/Oculus/SampleFramework/Usage/SharedAssets/Models/SportsBottle_01.fbx
  artifactKey: Guid(6bc9bd2834c994245845178cc95f9233) Importer(815301076,1909f56bfc062723c751e8b465ee728b)
Start importing Assets/Oculus/SampleFramework/Usage/SharedAssets/Models/SportsBottle_01.fbx using Guid(6bc9bd2834c994245845178cc95f9233) Importer(815301076,1909f56bfc062723c751e8b465ee728b)  -> (artifact id: '0bedec709c221ff8ee399c3674cad0d2') in 0.178654 seconds 
========================================================================
Received Import Request.
  Time since last request: 0.000045 seconds.
  path: Assets/Noitom/AliceMocapExamples/AliceHybridMocap/Models/table_S.fbx
  artifactKey: Guid(b501f19d9f7f98a42af211ee851844d1) Importer(815301076,1909f56bfc062723c751e8b465ee728b)
Start importing Assets/Noitom/AliceMocapExamples/AliceHybridMocap/Models/table_S.fbx using Guid(b501f19d9f7f98a42af211ee851844d1) Importer(815301076,1909f56bfc062723c751e8b465ee728b)  -> (artifact id: '0360501a3b2240570a814ac43a62af73') in 0.043190 seconds 
========================================================================
Received Import Request.
  Time since last request: 0.000027 seconds.
  path: Assets/Oculus/SampleFramework/Usage/DistanceGrab/Models/squirtgun_01.fbx
  artifactKey: Guid(167926330d1a648699b66decd0abd87a) Importer(815301076,1909f56bfc062723c751e8b465ee728b)
Start importing Assets/Oculus/SampleFramework/Usage/DistanceGrab/Models/squirtgun_01.fbx using Guid(167926330d1a648699b66decd0abd87a) Importer(815301076,1909f56bfc062723c751e8b465ee728b)  -> (artifact id: '8d97c9e45d3e83e2a48b6093847df5f0') in 0.177513 seconds 
========================================================================
Received Import Request.
  Time since last request: 677.066074 seconds.
  path: Assets/Scripts/Manager/SystemManager.cs
  artifactKey: Guid(b6522533a81fb0b4381a9845e6c4089b) Importer(815301076,1909f56bfc062723c751e8b465ee728b)
Start importing Assets/Scripts/Manager/SystemManager.cs using Guid(b6522533a81fb0b4381a9845e6c4089b) Importer(815301076,1909f56bfc062723c751e8b465ee728b)  -> (artifact id: '930b015f4f3f69cfe03115ff4d351af7') in 0.013451 seconds 
========================================================================
Received Prepare
Registering precompiled user dll's ...
Registered in 0.006618 seconds.
Begin MonoManager ReloadAssembly
Symbol file LoadedFromMemory doesn't match image D:\CGVLab(D)\DepthPerceptionTraining\DPTraining\Library\PackageCache\com.unity.visualscripting@1.7.8\Editor\VisualScripting.Core\Dependencies\DotNetZip\Unity.VisualScripting.IonicZip.dll
Symbol file LoadedFromMemory doesn't match image D:\CGVLab(D)\DepthPerceptionTraining\DPTraining\Library\PackageCache\com.unity.visualscripting@1.7.8\Editor\VisualScripting.Core\Dependencies\YamlDotNet\Unity.VisualScripting.YamlDotNet.dll
Native extension for WindowsStandalone target not found
Native extension for Android target not found
Refreshing native plugins compatible for Editor in 0.89 ms, found 9 plugins.
Preloading 1 native plugins for Editor in 0.04 ms.
Mono: successfully reloaded assembly
- Completed reload, in  0.847 seconds
Domain Reload Profiling:
	ReloadAssembly (973ms)
		BeginReloadAssembly (249ms)
			ExecutionOrderSort (0ms)
			DisableScriptedObjects (3ms)
			BackupInstance (0ms)
			ReleaseScriptingObjects (0ms)
			CreateAndSetChildDomain (40ms)
		EndReloadAssembly (639ms)
			LoadAssemblies (78ms)
			RebuildTransferFunctionScriptingTraits (0ms)
			SetupTypeCache (251ms)
			ReleaseScriptCaches (1ms)
			RebuildScriptCaches (33ms)
			SetupLoadedEditorAssemblies (254ms)
				LogAssemblyErrors (0ms)
				InitializePlatformSupportModulesInManaged (15ms)
				SetLoadedEditorAssemblies (0ms)
				RefreshPlugins (1ms)
				BeforeProcessingInitializeOnLoad (52ms)
				ProcessInitializeOnLoadAttributes (159ms)
				ProcessInitializeOnLoadMethodAttributes (21ms)
				AfterProcessingInitializeOnLoad (5ms)
				EditorAssembliesLoaded (0ms)
			ExecutionOrderSort2 (0ms)
			AwakeInstancesAfterBackupRestoration (4ms)
Platform modules already initialized, skipping
Shader 'Oculus/OVRMRCameraFrameLit': fallback shader 'Alpha-Diffuse' not found
Refreshing native plugins compatible for Editor in 3.51 ms, found 9 plugins.
Preloading 1 native plugins for Editor in 0.03 ms.
Unloading 4884 Unused Serialized files (Serialized files now loaded: 0)
Unloading 55 unused Assets / (157.0 KB). Loaded Objects now: 5499.
Memory consumption went from 191.7 MB to 191.5 MB.
Total: 2.756200 ms (FindLiveObjects: 0.278400 ms CreateObjectMapping: 0.156600 ms MarkObjects: 2.177600 ms  DeleteObjects: 0.142900 ms)

AssetImportParameters requested are different than current active one (requested -> active):
  custom:video-decoder-ogg-theora: a1e56fd34408186e4bbccfd4996cb3dc -> 
  custom:container-muxer-webm: aa71ff27fc2769a1b78a27578f13a17b -> 
  custom:container-demuxer-webm: 4f35f7cbe854078d1ac9338744f61a02 -> 
  custom:video-encoder-webm-vp8: eb34c28f22e8b96e1ab97ce403110664 -> 
  custom:video-codec-MediaFoundation-h265: 746d11721c4dcdbdad8f713fa42b33f4 -> 
  custom:audio-encoder-webm-vorbis: bf7c407c2cedff20999df2af8eb42d56 -> 
  custom:framework-win-MediaFoundation: 216162199b28c13a410421893ffa2e32 -> 
  custom:container-demuxer-ogg: 62fdf1f143b41e24485cea50d1cbac27 -> 
  custom:video-decoder-webm-vp8: 9c59270c3fd7afecdb556c50c9e8de78 -> 
  custom:audio-decoder-ogg-vorbis: bf7c407c2cedff20999df2af8eb42d56 -> 
